TN:
SF:app.js
FN:52,(anonymous_0)
FN:79,(anonymous_1)
FN:86,(anonymous_2)
FN:87,(anonymous_3)
FN:104,(anonymous_4)
FN:125,(anonymous_5)
FN:132,(anonymous_6)
FN:134,(anonymous_7)
FN:144,(anonymous_8)
FN:153,(anonymous_9)
FN:169,(anonymous_10)
FN:170,(anonymous_11)
FN:173,(anonymous_12)
FN:183,(anonymous_13)
FN:244,(anonymous_14)
FN:278,(anonymous_15)
FN:281,(anonymous_16)
FN:299,(anonymous_17)
FNF:18
FNH:9
FNDA:6,(anonymous_0)
FNDA:6,(anonymous_1)
FNDA:0,(anonymous_2)
FNDA:0,(anonymous_3)
FNDA:0,(anonymous_4)
FNDA:6,(anonymous_5)
FNDA:6,(anonymous_6)
FNDA:6,(anonymous_7)
FNDA:0,(anonymous_8)
FNDA:0,(anonymous_9)
FNDA:0,(anonymous_10)
FNDA:0,(anonymous_11)
FNDA:1,(anonymous_12)
FNDA:3,(anonymous_13)
FNDA:1,(anonymous_14)
FNDA:0,(anonymous_15)
FNDA:1,(anonymous_16)
FNDA:0,(anonymous_17)
DA:1,2
DA:2,2
DA:3,2
DA:4,2
DA:5,2
DA:6,2
DA:7,2
DA:8,2
DA:9,2
DA:11,2
DA:13,2
DA:15,2
DA:21,2
DA:22,2
DA:23,2
DA:24,2
DA:25,2
DA:26,2
DA:27,2
DA:28,2
DA:29,2
DA:30,2
DA:31,2
DA:32,2
DA:33,2
DA:34,2
DA:35,2
DA:36,2
DA:37,2
DA:38,2
DA:39,2
DA:40,2
DA:41,2
DA:42,2
DA:43,2
DA:45,2
DA:48,2
DA:51,2
DA:52,6
DA:53,2
DA:54,0
DA:55,0
DA:59,2
DA:60,2
DA:72,2
DA:75,2
DA:76,0
DA:78,2
DA:79,6
DA:84,2
DA:85,2
DA:87,0
DA:88,0
DA:89,0
DA:97,2
DA:102,2
DA:104,0
DA:106,2
DA:109,2
DA:122,2
DA:125,2
DA:126,6
DA:127,6
DA:128,6
DA:132,2
DA:133,6
DA:134,6
DA:135,6
DA:136,6
DA:137,0
DA:140,6
DA:144,2
DA:146,0
DA:147,0
DA:148,0
DA:149,0
DA:150,0
DA:154,0
DA:155,0
DA:157,0
DA:158,0
DA:159,0
DA:164,2
DA:169,2
DA:170,2
DA:173,2
DA:174,1
DA:183,2
DA:184,3
DA:201,3
DA:202,3
DA:203,3
DA:204,2
DA:206,1
DA:207,1
DA:208,1
DA:211,2
DA:215,2
DA:216,2
DA:220,2
DA:221,2
DA:222,2
DA:223,2
DA:224,2
DA:225,2
DA:226,2
DA:227,2
DA:228,2
DA:229,2
DA:230,2
DA:231,2
DA:232,2
DA:233,2
DA:234,2
DA:235,2
DA:236,2
DA:237,2
DA:238,2
DA:239,2
DA:240,2
DA:241,2
DA:242,2
DA:244,2
DA:245,1
DA:278,2
DA:281,2
DA:282,1
DA:283,1
DA:299,2
DA:300,0
DA:308,0
DA:309,0
DA:310,0
DA:318,0
DA:319,0
DA:326,0
DA:327,0
DA:330,0
DA:338,2
LF:139
LH:112
BRDA:48,0,0,2
BRDA:48,0,1,2
BRDA:53,1,0,0
BRDA:53,1,1,2
BRDA:75,2,0,0
BRDA:75,2,1,2
BRDA:86,3,0,2
BRDA:86,3,1,0
BRDA:87,4,0,0
BRDA:87,4,1,0
BRDA:88,5,0,0
BRDA:88,5,1,0
BRDA:88,6,0,0
BRDA:88,6,1,0
BRDA:103,7,0,2
BRDA:103,7,1,2
BRDA:106,8,0,2
BRDA:106,8,1,2
BRDA:111,9,0,2
BRDA:111,9,1,0
BRDA:136,10,0,0
BRDA:136,10,1,6
BRDA:146,11,0,0
BRDA:146,11,1,0
BRDA:146,12,0,0
BRDA:146,12,1,0
BRDA:146,13,0,0
BRDA:146,13,1,0
BRDA:152,14,0,0
BRDA:152,14,1,2
BRDA:157,15,0,0
BRDA:157,15,1,0
BRDA:157,16,0,0
BRDA:157,16,1,0
BRDA:157,17,0,0
BRDA:157,17,1,0
BRDA:165,18,0,0
BRDA:165,18,1,2
BRDA:272,19,0,1
BRDA:272,19,1,1
BRDA:308,20,0,0
BRDA:308,20,1,0
BRDA:309,21,0,0
BRDA:309,21,1,0
BRDA:318,22,0,0
BRDA:318,22,1,0
BRDA:326,23,0,0
BRDA:326,23,1,0
BRDA:334,24,0,0
BRDA:334,24,1,0
BRF:50
BRH:15
end_of_record
TN:
SF:controllers\AdsManagerController.js
FN:6,(anonymous_0)
FN:51,(anonymous_1)
FN:89,(anonymous_2)
FN:119,(anonymous_3)
FN:177,(anonymous_4)
FN:242,(anonymous_5)
FN:288,(anonymous_6)
FN:327,(anonymous_7)
FN:347,(anonymous_8)
FN:367,(anonymous_9)
FNF:10
FNH:1
FNDA:0,(anonymous_0)
FNDA:0,(anonymous_1)
FNDA:0,(anonymous_2)
FNDA:0,(anonymous_3)
FNDA:0,(anonymous_4)
FNDA:0,(anonymous_5)
FNDA:0,(anonymous_6)
FNDA:0,(anonymous_7)
FNDA:0,(anonymous_8)
FNDA:12,(anonymous_9)
DA:1,2
DA:2,2
DA:7,0
DA:16,0
DA:19,0
DA:20,0
DA:22,0
DA:34,0
DA:41,0
DA:42,0
DA:52,0
DA:53,0
DA:55,0
DA:56,0
DA:63,0
DA:65,0
DA:66,0
DA:73,0
DA:79,0
DA:80,0
DA:90,0
DA:91,0
DA:93,0
DA:94,0
DA:101,0
DA:103,0
DA:109,0
DA:110,0
DA:120,0
DA:122,0
DA:123,0
DA:124,0
DA:132,0
DA:133,0
DA:135,0
DA:144,0
DA:150,0
DA:152,0
DA:153,0
DA:160,0
DA:161,0
DA:168,0
DA:178,0
DA:180,0
DA:181,0
DA:182,0
DA:190,0
DA:191,0
DA:193,0
DA:194,0
DA:201,0
DA:209,0
DA:215,0
DA:217,0
DA:218,0
DA:225,0
DA:226,0
DA:233,0
DA:243,0
DA:244,0
DA:246,0
DA:247,0
DA:254,0
DA:256,0
DA:257,0
DA:264,0
DA:269,0
DA:271,0
DA:272,0
DA:279,0
DA:289,0
DA:290,0
DA:292,0
DA:293,0
DA:300,0
DA:302,0
DA:308,0
DA:310,0
DA:311,0
DA:318,0
DA:328,0
DA:329,0
DA:331,0
DA:337,0
DA:338,0
DA:348,0
DA:349,0
DA:351,0
DA:357,0
DA:358,0
DA:368,12
DA:441,2
LF:92
LH:4
BRDA:9,0,0,0
BRDA:10,1,0,0
BRDA:11,2,0,0
BRDA:12,3,0,0
BRDA:13,4,0,0
BRDA:14,5,0,0
BRDA:15,6,0,0
BRDA:20,7,0,0
BRDA:20,7,1,0
BRDA:27,8,0,0
BRDA:27,8,1,0
BRDA:55,9,0,0
BRDA:55,9,1,0
BRDA:55,10,0,0
BRDA:55,10,1,0
BRDA:65,11,0,0
BRDA:65,11,1,0
BRDA:93,12,0,0
BRDA:93,12,1,0
BRDA:93,13,0,0
BRDA:93,13,1,0
BRDA:123,14,0,0
BRDA:123,14,1,0
BRDA:132,15,0,0
BRDA:132,16,0,0
BRDA:132,17,0,0
BRDA:133,18,0,0
BRDA:133,18,1,0
BRDA:152,19,0,0
BRDA:152,19,1,0
BRDA:160,20,0,0
BRDA:160,20,1,0
BRDA:181,21,0,0
BRDA:181,21,1,0
BRDA:191,22,0,0
BRDA:191,23,0,0
BRDA:193,24,0,0
BRDA:193,24,1,0
BRDA:193,25,0,0
BRDA:193,25,1,0
BRDA:217,26,0,0
BRDA:217,26,1,0
BRDA:225,27,0,0
BRDA:225,27,1,0
BRDA:246,28,0,0
BRDA:246,28,1,0
BRDA:246,29,0,0
BRDA:246,29,1,0
BRDA:256,30,0,0
BRDA:256,30,1,0
BRDA:271,31,0,0
BRDA:271,31,1,0
BRDA:292,32,0,0
BRDA:292,32,1,0
BRDA:292,33,0,0
BRDA:292,33,1,0
BRDA:310,34,0,0
BRDA:310,34,1,0
BRF:58
BRH:0
end_of_record
TN:
SF:controllers\BMController.js
FN:6,(anonymous_0)
FN:54,(anonymous_1)
FN:96,(anonymous_2)
FN:157,(anonymous_3)
FN:245,(anonymous_4)
FN:291,(anonymous_5)
FN:330,(anonymous_6)
FN:350,(anonymous_7)
FN:374,(anonymous_8)
FN:391,(anonymous_9)
FNF:10
FNH:1
FNDA:0,(anonymous_0)
FNDA:0,(anonymous_1)
FNDA:0,(anonymous_2)
FNDA:0,(anonymous_3)
FNDA:0,(anonymous_4)
FNDA:0,(anonymous_5)
FNDA:0,(anonymous_6)
FNDA:0,(anonymous_7)
FNDA:4,(anonymous_8)
FNDA:0,(anonymous_9)
DA:1,2
DA:2,2
DA:7,0
DA:15,0
DA:18,0
DA:19,0
DA:22,0
DA:26,0
DA:37,0
DA:44,0
DA:45,0
DA:55,0
DA:56,0
DA:58,0
DA:59,0
DA:67,0
DA:68,0
DA:70,0
DA:72,0
DA:73,0
DA:80,0
DA:86,0
DA:87,0
DA:97,0
DA:99,0
DA:100,0
DA:101,0
DA:102,0
DA:111,0
DA:112,0
DA:120,0
DA:122,0
DA:130,0
DA:136,0
DA:139,0
DA:140,0
DA:148,0
DA:158,0
DA:160,0
DA:161,0
DA:162,0
DA:170,0
DA:171,0
DA:172,0
DA:180,0
DA:181,0
DA:191,0
DA:194,0
DA:195,0
DA:196,0
DA:203,0
DA:212,0
DA:218,0
DA:220,0
DA:221,0
DA:228,0
DA:229,0
DA:236,0
DA:246,0
DA:247,0
DA:249,0
DA:250,0
DA:257,0
DA:259,0
DA:260,0
DA:267,0
DA:272,0
DA:274,0
DA:275,0
DA:282,0
DA:292,0
DA:293,0
DA:295,0
DA:296,0
DA:303,0
DA:305,0
DA:311,0
DA:313,0
DA:314,0
DA:321,0
DA:331,0
DA:332,0
DA:334,0
DA:340,0
DA:341,0
DA:351,0
DA:353,0
DA:354,0
DA:356,0
DA:358,0
DA:364,0
DA:365,0
DA:375,4
DA:393,0
DA:394,0
DA:397,0
DA:408,2
LF:97
LH:4
BRDA:9,0,0,0
BRDA:10,1,0,0
BRDA:11,2,0,0
BRDA:12,3,0,0
BRDA:13,4,0,0
BRDA:14,5,0,0
BRDA:19,6,0,0
BRDA:19,6,1,0
BRDA:58,7,0,0
BRDA:58,7,1,0
BRDA:58,8,0,0
BRDA:58,8,1,0
BRDA:68,9,0,0
BRDA:68,9,1,0
BRDA:72,10,0,0
BRDA:72,10,1,0
BRDA:100,11,0,0
BRDA:100,11,1,0
BRDA:112,12,0,0
BRDA:112,12,1,0
BRDA:119,13,0,0
BRDA:139,14,0,0
BRDA:139,14,1,0
BRDA:139,15,0,0
BRDA:139,15,1,0
BRDA:143,16,0,0
BRDA:143,16,1,0
BRDA:150,17,0,0
BRDA:150,17,1,0
BRDA:161,18,0,0
BRDA:161,18,1,0
BRDA:171,19,0,0
BRDA:171,19,1,0
BRDA:171,20,0,0
BRDA:171,20,1,0
BRDA:181,21,0,0
BRDA:181,21,1,0
BRDA:195,22,0,0
BRDA:195,22,1,0
BRDA:220,23,0,0
BRDA:220,23,1,0
BRDA:228,24,0,0
BRDA:228,24,1,0
BRDA:249,25,0,0
BRDA:249,25,1,0
BRDA:249,26,0,0
BRDA:249,26,1,0
BRDA:259,27,0,0
BRDA:259,27,1,0
BRDA:274,28,0,0
BRDA:274,28,1,0
BRDA:295,29,0,0
BRDA:295,29,1,0
BRDA:295,30,0,0
BRDA:295,30,1,0
BRDA:313,31,0,0
BRDA:313,31,1,0
BRDA:354,32,0,0
BRDA:354,32,1,0
BRDA:393,33,0,0
BRDA:393,33,1,0
BRDA:393,34,0,0
BRDA:393,34,1,0
BRF:63
BRH:0
end_of_record
TN:
SF:controllers\accountController.js
FN:5,(anonymous_0)
FN:26,(anonymous_1)
FN:62,(anonymous_2)
FNF:3
FNH:0
FNDA:0,(anonymous_0)
FNDA:0,(anonymous_1)
FNDA:0,(anonymous_2)
DA:1,0
DA:5,0
DA:6,0
DA:7,0
DA:9,0
DA:10,0
DA:12,0
DA:13,0
DA:14,0
DA:17,0
DA:18,0
DA:20,0
DA:21,0
DA:26,0
DA:27,0
DA:28,0
DA:31,0
DA:32,0
DA:36,0
DA:37,0
DA:38,0
DA:42,0
DA:44,0
DA:49,0
DA:56,0
DA:57,0
DA:62,0
DA:63,0
DA:64,0
DA:65,0
DA:67,0
DA:68,0
DA:70,0
DA:72,0
DA:73,0
DA:76,0
DA:78,0
DA:79,0
DA:82,0
DA:84,0
DA:85,0
LF:41
LH:0
BRDA:7,0,0,0
BRDA:7,0,1,0
BRDA:12,1,0,0
BRDA:12,1,1,0
BRDA:31,2,0,0
BRDA:31,2,1,0
BRDA:37,3,0,0
BRDA:37,3,1,0
BRDA:42,4,0,0
BRDA:42,4,1,0
BRDA:42,5,0,0
BRDA:42,5,1,0
BRDA:46,6,0,0
BRDA:46,6,1,0
BRDA:52,7,0,0
BRDA:52,7,1,0
BRDA:65,8,0,0
BRDA:65,8,1,0
BRDA:70,9,0,0
BRDA:70,9,1,0
BRDA:78,10,0,0
BRDA:78,10,1,0
BRF:22
BRH:0
end_of_record
TN:
SF:controllers\accountsController.js
FN:3,(anonymous_0)
FN:12,(anonymous_1)
FN:53,(anonymous_2)
FN:83,(anonymous_3)
FNF:4
FNH:0
FNDA:0,(anonymous_0)
FNDA:0,(anonymous_1)
FNDA:0,(anonymous_2)
FNDA:0,(anonymous_3)
DA:1,2
DA:3,2
DA:10,2
DA:13,0
DA:14,0
DA:16,0
DA:17,0
DA:20,0
DA:21,0
DA:22,0
DA:23,0
DA:27,0
DA:28,0
DA:29,0
DA:33,0
DA:34,0
DA:35,0
DA:36,0
DA:39,0
DA:40,0
DA:42,0
DA:44,0
DA:45,0
DA:46,0
DA:48,0
DA:54,0
DA:56,0
DA:57,0
DA:58,0
DA:59,0
DA:60,0
DA:62,0
DA:63,0
DA:65,0
DA:66,0
DA:67,0
DA:70,0
DA:72,0
DA:75,0
DA:77,0
DA:78,0
DA:84,0
DA:85,0
DA:86,0
DA:88,0
DA:89,0
DA:93,0
DA:94,0
DA:95,0
DA:99,0
DA:100,0
DA:101,0
DA:102,0
DA:103,0
DA:106,0
DA:107,0
DA:108,0
DA:109,0
DA:111,0
DA:112,0
DA:113,0
DA:116,0
DA:117,0
DA:118,0
DA:121,0
DA:122,0
DA:124,0
DA:125,0
DA:130,2
LF:69
LH:4
BRDA:3,0,0,0
BRDA:3,1,0,0
BRDA:6,2,0,0
BRDA:6,2,1,0
BRDA:7,3,0,0
BRDA:7,3,1,0
BRDA:14,4,0,0
BRDA:16,5,0,0
BRDA:16,5,1,0
BRDA:16,6,0,0
BRDA:16,6,1,0
BRDA:21,7,0,0
BRDA:21,7,1,0
BRDA:21,8,0,0
BRDA:21,8,1,0
BRDA:21,8,2,0
BRDA:22,9,0,0
BRDA:22,9,1,0
BRDA:28,10,0,0
BRDA:28,10,1,0
BRDA:28,11,0,0
BRDA:28,11,1,0
BRDA:33,12,0,0
BRDA:33,12,1,0
BRDA:33,13,0,0
BRDA:33,13,1,0
BRDA:35,14,0,0
BRDA:35,14,1,0
BRDA:35,15,0,0
BRDA:35,15,1,0
BRDA:40,16,0,0
BRDA:40,16,1,0
BRDA:40,17,0,0
BRDA:40,17,1,0
BRDA:45,18,0,0
BRDA:45,18,1,0
BRDA:45,19,0,0
BRDA:45,19,1,0
BRDA:56,20,0,0
BRDA:56,20,1,0
BRDA:57,21,0,0
BRDA:57,21,1,0
BRDA:57,21,2,0
BRDA:58,22,0,0
BRDA:58,22,1,0
BRDA:58,22,2,0
BRDA:59,23,0,0
BRDA:59,23,1,0
BRDA:60,24,0,0
BRDA:60,24,1,0
BRDA:65,25,0,0
BRDA:65,25,1,0
BRDA:88,26,0,0
BRDA:88,26,1,0
BRDA:88,27,0,0
BRDA:88,27,1,0
BRDA:94,28,0,0
BRDA:94,28,1,0
BRDA:94,29,0,0
BRDA:94,29,1,0
BRDA:99,30,0,0
BRDA:99,30,1,0
BRDA:100,31,0,0
BRDA:100,31,1,0
BRDA:100,31,2,0
BRDA:101,32,0,0
BRDA:101,32,1,0
BRDA:101,32,2,0
BRDA:102,33,0,0
BRDA:102,33,1,0
BRDA:103,34,0,0
BRDA:103,34,1,0
BRDA:108,35,0,0
BRDA:108,35,1,0
BRDA:108,36,0,0
BRDA:108,36,1,0
BRDA:112,37,0,0
BRDA:112,37,1,0
BRDA:112,38,0,0
BRDA:112,38,1,0
BRDA:117,39,0,0
BRDA:117,39,1,0
BRDA:117,40,0,0
BRDA:117,40,1,0
BRF:84
BRH:0
end_of_record
TN:
SF:controllers\adsController.js
FN:6,(anonymous_0)
FN:23,(anonymous_1)
FN:46,(anonymous_2)
FN:68,(anonymous_3)
FN:89,(anonymous_4)
FN:105,(anonymous_5)
FNF:6
FNH:0
FNDA:0,(anonymous_0)
FNDA:0,(anonymous_1)
FNDA:0,(anonymous_2)
FNDA:0,(anonymous_3)
FNDA:0,(anonymous_4)
FNDA:0,(anonymous_5)
DA:1,2
DA:6,2
DA:7,0
DA:8,0
DA:10,0
DA:16,0
DA:23,2
DA:24,0
DA:25,0
DA:27,0
DA:28,0
DA:34,0
DA:39,0
DA:46,2
DA:47,0
DA:48,0
DA:50,0
DA:55,0
DA:61,0
DA:68,2
DA:69,0
DA:70,0
DA:72,0
DA:77,0
DA:82,0
DA:89,2
DA:90,0
DA:91,0
DA:93,0
DA:98,0
DA:105,2
DA:106,0
DA:108,0
DA:115,0
DA:120,0
LF:35
LH:7
BRDA:27,0,0,0
BRDA:27,0,1,0
BRDA:52,1,0,0
BRDA:52,1,1,0
BRF:4
BRH:0
end_of_record
TN:
SF:controllers\authController.js
FN:7,(anonymous_0)
FN:16,(anonymous_1)
FN:29,(anonymous_2)
FN:128,(anonymous_3)
FN:221,(anonymous_4)
FN:255,(anonymous_5)
FN:296,(anonymous_6)
FNF:7
FNH:3
FNDA:5,(anonymous_0)
FNDA:0,(anonymous_1)
FNDA:3,(anonymous_2)
FNDA:2,(anonymous_3)
FNDA:0,(anonymous_4)
FNDA:0,(anonymous_5)
FNDA:0,(anonymous_6)
DA:1,3
DA:2,3
DA:3,3
DA:4,3
DA:7,5
DA:16,3
DA:17,0
DA:20,0
DA:21,0
DA:23,0
DA:29,3
DA:30,3
DA:32,3
DA:35,3
DA:36,3
DA:37,3
DA:43,0
DA:44,0
DA:45,0
DA:51,0
DA:53,0
DA:55,0
DA:57,0
DA:58,0
DA:59,0
DA:73,0
DA:74,0
DA:81,0
DA:96,0
DA:97,0
DA:100,0
DA:102,0
DA:118,0
DA:119,0
DA:128,3
DA:129,2
DA:130,2
DA:132,2
DA:139,2
DA:140,0
DA:141,0
DA:147,2
DA:148,1
DA:149,1
DA:155,1
DA:156,1
DA:157,1
DA:158,1
DA:163,0
DA:170,0
DA:171,0
DA:172,0
DA:177,0
DA:179,0
DA:180,0
DA:182,0
DA:183,0
DA:184,0
DA:190,0
DA:193,0
DA:195,0
DA:211,0
DA:212,0
DA:221,3
DA:222,0
DA:223,0
DA:225,0
DA:226,0
DA:227,0
DA:228,0
DA:230,0
DA:232,0
DA:233,0
DA:234,0
DA:237,0
DA:241,0
DA:245,0
DA:246,0
DA:255,3
DA:256,0
DA:258,0
DA:260,0
DA:261,0
DA:267,0
DA:268,0
DA:269,0
DA:273,0
DA:286,0
DA:287,0
DA:296,3
DA:297,0
DA:298,0
DA:299,0
DA:301,0
DA:302,0
DA:308,0
DA:309,0
DA:310,0
DA:316,0
DA:317,0
DA:318,0
DA:324,0
DA:325,0
DA:326,0
DA:332,0
DA:333,0
DA:334,0
DA:339,0
DA:340,0
DA:341,0
DA:347,0
DA:358,0
DA:359,0
LF:113
LH:27
BRDA:7,0,0,5
BRDA:7,1,0,5
BRDA:11,2,0,5
BRDA:11,2,1,0
BRDA:12,3,0,5
BRDA:12,3,1,0
BRDA:36,4,0,3
BRDA:36,4,1,0
BRDA:44,5,0,0
BRDA:44,5,1,0
BRDA:51,6,0,0
BRDA:51,6,1,0
BRDA:55,7,0,0
BRDA:55,7,1,0
BRDA:134,8,0,2
BRDA:134,8,1,0
BRDA:139,9,0,0
BRDA:139,9,1,2
BRDA:139,10,0,2
BRDA:139,10,1,2
BRDA:147,11,0,1
BRDA:147,11,1,1
BRDA:156,12,0,1
BRDA:156,12,1,0
BRDA:170,13,0,0
BRDA:170,13,1,0
BRDA:182,14,0,0
BRDA:182,14,1,0
BRDA:225,15,0,0
BRDA:225,15,1,0
BRDA:228,16,0,0
BRDA:228,16,1,0
BRDA:260,17,0,0
BRDA:260,17,1,0
BRDA:268,18,0,0
BRDA:268,18,1,0
BRDA:301,19,0,0
BRDA:301,19,1,0
BRDA:301,20,0,0
BRDA:301,20,1,0
BRDA:309,21,0,0
BRDA:309,21,1,0
BRDA:317,22,0,0
BRDA:317,22,1,0
BRDA:325,23,0,0
BRDA:325,23,1,0
BRDA:332,24,0,0
BRDA:332,24,1,0
BRDA:333,25,0,0
BRDA:333,25,1,0
BRDA:340,26,0,0
BRDA:340,26,1,0
BRF:52
BRH:12
end_of_record
TN:
SF:controllers\brandController.js
FN:7,(anonymous_0)
FN:18,(anonymous_1)
FN:46,(anonymous_2)
FN:59,(anonymous_3)
FN:82,(anonymous_4)
FN:91,(anonymous_5)
FN:126,(anonymous_6)
FN:179,(anonymous_7)
FN:234,(anonymous_8)
FN:268,(anonymous_9)
FN:294,(anonymous_10)
FN:349,(anonymous_11)
FN:370,(anonymous_12)
FNF:13
FNH:0
FNDA:0,(anonymous_0)
FNDA:0,(anonymous_1)
FNDA:0,(anonymous_2)
FNDA:0,(anonymous_3)
FNDA:0,(anonymous_4)
FNDA:0,(anonymous_5)
FNDA:0,(anonymous_6)
FNDA:0,(anonymous_7)
FNDA:0,(anonymous_8)
FNDA:0,(anonymous_9)
FNDA:0,(anonymous_10)
FNDA:0,(anonymous_11)
FNDA:0,(anonymous_12)
DA:1,2
DA:7,2
DA:8,0
DA:13,0
DA:14,0
DA:15,0
DA:18,2
DA:19,0
DA:21,0
DA:22,0
DA:28,0
DA:29,0
DA:35,0
DA:46,2
DA:47,0
DA:49,0
DA:50,0
DA:51,0
DA:52,0
DA:53,0
DA:56,0
DA:59,2
DA:60,0
DA:61,0
DA:63,0
DA:64,0
DA:65,0
DA:66,0
DA:69,0
DA:70,0
DA:71,0
DA:74,0
DA:75,0
DA:79,2
DA:82,2
DA:83,0
DA:84,0
DA:85,0
DA:87,0
DA:91,2
DA:92,0
DA:95,0
DA:98,0
DA:110,0
DA:111,0
DA:112,0
DA:116,0
DA:126,2
DA:128,0
DA:129,0
DA:130,0
DA:131,0
DA:132,0
DA:133,0
DA:135,0
DA:136,0
DA:139,0
DA:140,0
DA:142,0
DA:148,0
DA:149,0
DA:150,0
DA:153,0
DA:160,0
DA:163,0
DA:164,0
DA:168,0
DA:169,0
DA:170,0
DA:172,0
DA:179,2
DA:180,0
DA:181,0
DA:182,0
DA:183,0
DA:184,0
DA:185,0
DA:186,0
DA:188,0
DA:190,0
DA:195,0
DA:197,0
DA:206,0
DA:207,0
DA:222,0
DA:226,0
DA:227,0
DA:234,2
DA:235,0
DA:236,0
DA:237,0
DA:238,0
DA:239,0
DA:241,0
DA:243,0
DA:250,0
DA:251,0
DA:255,0
DA:256,0
DA:260,0
DA:261,0
DA:268,2
DA:270,0
DA:271,0
DA:272,0
DA:273,0
DA:274,0
DA:276,0
DA:278,0
DA:279,0
DA:280,0
DA:282,0
DA:283,0
DA:284,0
DA:285,0
DA:287,0
DA:288,0
DA:290,0
DA:291,0
DA:294,0
DA:295,0
DA:296,0
DA:299,0
DA:300,0
DA:302,0
DA:306,0
DA:307,0
DA:308,0
DA:311,0
DA:312,0
DA:313,0
DA:314,0
DA:315,0
DA:317,0
DA:318,0
DA:320,0
DA:325,0
DA:331,0
DA:333,0
DA:334,0
DA:338,0
DA:339,0
DA:340,0
DA:342,0
DA:349,2
DA:350,0
DA:351,0
DA:358,0
DA:362,0
DA:363,0
DA:370,2
DA:372,0
DA:373,0
DA:374,0
DA:375,0
DA:376,0
DA:378,0
DA:380,0
DA:381,0
DA:383,0
DA:387,0
DA:388,0
DA:389,0
DA:393,0
DA:395,0
DA:396,0
DA:397,0
DA:406,0
DA:407,0
DA:411,0
DA:412,0
DA:413,0
DA:416,0
DA:418,0
DA:426,0
DA:427,0
DA:428,0
DA:430,0
DA:438,2
LF:179
LH:15
BRDA:7,0,0,0
BRDA:7,1,0,0
BRDA:13,2,0,0
BRDA:13,2,1,0
BRDA:14,3,0,0
BRDA:14,3,1,0
BRDA:18,4,0,0
BRDA:21,5,0,0
BRDA:21,5,1,0
BRDA:21,6,0,0
BRDA:21,6,1,0
BRDA:28,7,0,0
BRDA:28,7,1,0
BRDA:28,8,0,0
BRDA:28,8,1,0
BRDA:41,9,0,0
BRDA:41,9,1,0
BRDA:46,10,0,0
BRDA:47,11,0,0
BRDA:47,11,1,0
BRDA:47,12,0,0
BRDA:47,12,1,0
BRDA:49,13,0,0
BRDA:49,13,1,0
BRDA:51,14,0,0
BRDA:51,14,1,0
BRDA:51,15,0,0
BRDA:51,15,1,0
BRDA:52,16,0,0
BRDA:52,16,1,0
BRDA:52,17,0,0
BRDA:52,17,1,0
BRDA:56,18,0,0
BRDA:56,18,1,0
BRDA:63,19,0,0
BRDA:63,19,1,0
BRDA:69,20,0,0
BRDA:69,20,1,0
BRDA:69,21,0,0
BRDA:69,21,1,0
BRDA:71,22,0,0
BRDA:71,22,1,0
BRDA:74,23,0,0
BRDA:74,23,1,0
BRDA:82,24,0,0
BRDA:84,25,0,0
BRDA:84,25,1,0
BRDA:84,26,0,0
BRDA:84,26,1,0
BRDA:84,26,2,0
BRDA:84,26,3,0
BRDA:91,27,0,0
BRDA:92,28,0,0
BRDA:92,28,1,0
BRDA:111,29,0,0
BRDA:111,29,1,0
BRDA:129,30,0,0
BRDA:129,30,1,0
BRDA:129,30,2,0
BRDA:133,31,0,0
BRDA:133,31,1,0
BRDA:135,32,0,0
BRDA:135,32,1,0
BRDA:148,33,0,0
BRDA:148,33,1,0
BRDA:163,34,0,0
BRDA:163,34,1,0
BRDA:163,35,0,0
BRDA:163,35,1,0
BRDA:168,36,0,0
BRDA:168,36,1,0
BRDA:172,37,0,0
BRDA:172,37,1,0
BRDA:181,38,0,0
BRDA:181,38,1,0
BRDA:181,38,2,0
BRDA:182,39,0,0
BRDA:182,39,1,0
BRDA:183,40,0,0
BRDA:183,40,1,0
BRDA:184,41,0,0
BRDA:184,41,1,0
BRDA:184,42,0,0
BRDA:184,42,1,0
BRDA:185,43,0,0
BRDA:185,43,1,0
BRDA:195,44,0,0
BRDA:195,44,1,0
BRDA:195,44,2,0
BRDA:195,44,3,0
BRDA:217,45,0,0
BRDA:217,45,1,0
BRDA:236,46,0,0
BRDA:236,46,1,0
BRDA:236,46,2,0
BRDA:238,47,0,0
BRDA:238,47,1,0
BRDA:250,48,0,0
BRDA:250,48,1,0
BRDA:250,49,0,0
BRDA:250,49,1,0
BRDA:255,50,0,0
BRDA:255,50,1,0
BRDA:255,51,0,0
BRDA:255,51,1,0
BRDA:271,52,0,0
BRDA:271,52,1,0
BRDA:271,52,2,0
BRDA:273,53,0,0
BRDA:273,53,1,0
BRDA:278,54,0,0
BRDA:278,54,1,0
BRDA:278,54,2,0
BRDA:280,55,0,0
BRDA:280,55,1,0
BRDA:282,56,0,0
BRDA:282,56,1,0
BRDA:284,57,0,0
BRDA:284,57,1,0
BRDA:287,58,0,0
BRDA:287,58,1,0
BRDA:290,59,0,0
BRDA:290,59,1,0
BRDA:295,60,0,0
BRDA:295,60,1,0
BRDA:306,61,0,0
BRDA:306,61,1,0
BRDA:306,62,0,0
BRDA:306,62,1,0
BRDA:333,63,0,0
BRDA:333,63,1,0
BRDA:333,64,0,0
BRDA:333,64,1,0
BRDA:338,65,0,0
BRDA:338,65,1,0
BRDA:342,66,0,0
BRDA:342,66,1,0
BRDA:373,67,0,0
BRDA:373,67,1,0
BRDA:373,67,2,0
BRDA:375,68,0,0
BRDA:375,68,1,0
BRDA:387,69,0,0
BRDA:387,69,1,0
BRDA:387,70,0,0
BRDA:387,70,1,0
BRDA:395,71,0,0
BRDA:395,71,1,0
BRDA:406,72,0,0
BRDA:406,72,1,0
BRDA:411,73,0,0
BRDA:411,73,1,0
BRDA:411,74,0,0
BRDA:411,74,1,0
BRDA:426,75,0,0
BRDA:426,75,1,0
BRDA:430,76,0,0
BRDA:430,76,1,0
BRF:158
BRH:0
end_of_record
TN:
SF:controllers\campaignController.js
FN:5,(anonymous_0)
FN:89,(anonymous_1)
FN:129,(anonymous_2)
FN:210,(anonymous_3)
FN:309,(anonymous_4)
FN:352,(anonymous_5)
FN:402,(anonymous_6)
FN:452,(anonymous_7)
FN:501,(anonymous_8)
FN:550,(anonymous_9)
FN:574,(anonymous_10)
FNF:11
FNH:0
FNDA:0,(anonymous_0)
FNDA:0,(anonymous_1)
FNDA:0,(anonymous_2)
FNDA:0,(anonymous_3)
FNDA:0,(anonymous_4)
FNDA:0,(anonymous_5)
FNDA:0,(anonymous_6)
FNDA:0,(anonymous_7)
FNDA:0,(anonymous_8)
FNDA:0,(anonymous_9)
FNDA:0,(anonymous_10)
DA:1,0
DA:6,0
DA:7,0
DA:18,0
DA:20,0
DA:23,0
DA:24,0
DA:28,0
DA:29,0
DA:30,0
DA:31,0
DA:35,0
DA:36,0
DA:40,0
DA:41,0
DA:45,0
DA:46,0
DA:50,0
DA:51,0
DA:54,0
DA:56,0
DA:59,0
DA:60,0
DA:61,0
DA:62,0
DA:63,0
DA:65,0
DA:67,0
DA:79,0
DA:80,0
DA:90,0
DA:91,0
DA:93,0
DA:95,0
DA:96,0
DA:102,0
DA:104,0
DA:105,0
DA:111,0
DA:113,0
DA:119,0
DA:120,0
DA:130,0
DA:131,0
DA:143,0
DA:145,0
DA:148,0
DA:149,0
DA:156,0
DA:170,0
DA:171,0
DA:172,0
DA:180,0
DA:181,0
DA:182,0
DA:188,0
DA:190,0
DA:192,0
DA:194,0
DA:200,0
DA:201,0
DA:211,0
DA:212,0
DA:214,0
DA:227,0
DA:229,0
DA:230,0
DA:237,0
DA:238,0
DA:239,0
DA:246,0
DA:247,0
DA:254,0
DA:269,0
DA:270,0
DA:271,0
DA:279,0
DA:280,0
DA:281,0
DA:287,0
DA:289,0
DA:291,0
DA:293,0
DA:299,0
DA:300,0
DA:310,0
DA:311,0
DA:313,0
DA:315,0
DA:316,0
DA:323,0
DA:324,0
DA:325,0
DA:331,0
DA:333,0
DA:335,0
DA:337,0
DA:342,0
DA:343,0
DA:353,0
DA:354,0
DA:356,0
DA:358,0
DA:359,0
DA:365,0
DA:367,0
DA:369,0
DA:370,0
DA:376,0
DA:378,0
DA:384,0
DA:386,0
DA:387,0
DA:393,0
DA:403,0
DA:404,0
DA:406,0
DA:408,0
DA:409,0
DA:415,0
DA:417,0
DA:419,0
DA:420,0
DA:426,0
DA:428,0
DA:434,0
DA:436,0
DA:437,0
DA:443,0
DA:453,0
DA:454,0
DA:456,0
DA:458,0
DA:459,0
DA:466,0
DA:467,0
DA:468,0
DA:474,0
DA:475,0
DA:481,0
DA:483,0
DA:485,0
DA:491,0
DA:492,0
DA:502,0
DA:503,0
DA:505,0
DA:507,0
DA:508,0
DA:515,0
DA:516,0
DA:517,0
DA:523,0
DA:524,0
DA:530,0
DA:532,0
DA:534,0
DA:540,0
DA:541,0
DA:551,0
DA:552,0
DA:554,0
DA:556,0
DA:558,0
DA:564,0
DA:565,0
DA:575,0
DA:576,0
DA:578,0
DA:579,0
DA:581,0
DA:582,0
DA:588,0
DA:591,0
DA:592,0
DA:595,0
DA:596,0
DA:597,0
DA:598,0
DA:601,0
DA:602,0
DA:605,0
DA:607,0
DA:609,0
DA:615,0
DA:616,0
DA:625,0
LF:187
LH:0
BRDA:16,0,0,0
BRDA:17,1,0,0
BRDA:23,2,0,0
BRDA:23,2,1,0
BRDA:23,3,0,0
BRDA:23,3,1,0
BRDA:28,4,0,0
BRDA:28,4,1,0
BRDA:30,5,0,0
BRDA:30,5,1,0
BRDA:35,6,0,0
BRDA:35,6,1,0
BRDA:35,7,0,0
BRDA:35,7,1,0
BRDA:40,8,0,0
BRDA:40,8,1,0
BRDA:40,9,0,0
BRDA:40,9,1,0
BRDA:45,10,0,0
BRDA:45,10,1,0
BRDA:45,11,0,0
BRDA:45,11,1,0
BRDA:50,12,0,0
BRDA:50,12,1,0
BRDA:50,13,0,0
BRDA:50,13,1,0
BRDA:76,14,0,0
BRDA:76,14,1,0
BRDA:95,15,0,0
BRDA:95,15,1,0
BRDA:95,16,0,0
BRDA:95,16,1,0
BRDA:104,17,0,0
BRDA:104,17,1,0
BRDA:148,18,0,0
BRDA:148,18,1,0
BRDA:148,19,0,0
BRDA:148,19,1,0
BRDA:158,20,0,0
BRDA:158,20,1,0
BRDA:159,21,0,0
BRDA:159,21,1,0
BRDA:160,22,0,0
BRDA:160,22,1,0
BRDA:161,23,0,0
BRDA:161,23,1,0
BRDA:162,24,0,0
BRDA:162,24,1,0
BRDA:163,25,0,0
BRDA:163,25,1,0
BRDA:164,26,0,0
BRDA:164,26,1,0
BRDA:165,27,0,0
BRDA:165,27,1,0
BRDA:171,28,0,0
BRDA:171,28,1,0
BRDA:181,29,0,0
BRDA:181,29,1,0
BRDA:229,30,0,0
BRDA:229,30,1,0
BRDA:229,31,0,0
BRDA:229,31,1,0
BRDA:238,32,0,0
BRDA:238,32,1,0
BRDA:246,33,0,0
BRDA:246,33,1,0
BRDA:246,34,0,0
BRDA:246,34,1,0
BRDA:256,35,0,0
BRDA:256,35,1,0
BRDA:257,36,0,0
BRDA:257,36,1,0
BRDA:258,37,0,0
BRDA:258,37,1,0
BRDA:259,38,0,0
BRDA:259,38,1,0
BRDA:260,39,0,0
BRDA:260,39,1,0
BRDA:261,40,0,0
BRDA:261,40,1,0
BRDA:262,41,0,0
BRDA:262,41,1,0
BRDA:263,42,0,0
BRDA:263,42,1,0
BRDA:264,43,0,0
BRDA:264,43,1,0
BRDA:265,44,0,0
BRDA:265,44,1,0
BRDA:270,45,0,0
BRDA:270,45,1,0
BRDA:280,46,0,0
BRDA:280,46,1,0
BRDA:315,47,0,0
BRDA:315,47,1,0
BRDA:315,48,0,0
BRDA:315,48,1,0
BRDA:324,49,0,0
BRDA:324,49,1,0
BRDA:358,50,0,0
BRDA:358,50,1,0
BRDA:358,51,0,0
BRDA:358,51,1,0
BRDA:369,52,0,0
BRDA:369,52,1,0
BRDA:381,53,0,0
BRDA:381,53,1,0
BRDA:386,54,0,0
BRDA:386,54,1,0
BRDA:408,55,0,0
BRDA:408,55,1,0
BRDA:408,56,0,0
BRDA:408,56,1,0
BRDA:419,57,0,0
BRDA:419,57,1,0
BRDA:426,58,0,0
BRDA:426,58,1,0
BRDA:431,59,0,0
BRDA:431,59,1,0
BRDA:436,60,0,0
BRDA:436,60,1,0
BRDA:458,61,0,0
BRDA:458,61,1,0
BRDA:458,62,0,0
BRDA:458,62,1,0
BRDA:467,63,0,0
BRDA:467,63,1,0
BRDA:474,64,0,0
BRDA:474,64,1,0
BRDA:507,65,0,0
BRDA:507,65,1,0
BRDA:507,66,0,0
BRDA:507,66,1,0
BRDA:516,67,0,0
BRDA:516,67,1,0
BRDA:523,68,0,0
BRDA:523,68,1,0
BRDA:581,69,0,0
BRDA:581,69,1,0
BRDA:581,70,0,0
BRDA:581,70,1,0
BRDA:591,71,0,0
BRDA:591,71,1,0
BRDA:591,72,0,0
BRDA:591,72,1,0
BRDA:595,73,0,0
BRDA:595,73,1,0
BRDA:597,74,0,0
BRDA:597,74,1,0
BRDA:601,75,0,0
BRDA:601,75,1,0
BRDA:601,76,0,0
BRDA:601,76,1,0
BRDA:612,77,0,0
BRDA:612,77,1,0
BRF:154
BRH:0
end_of_record
TN:
SF:controllers\campaignController_backup.js
FN:4,(anonymous_0)
FN:13,(anonymous_1)
FN:26,(anonymous_2)
FN:39,(anonymous_3)
FN:110,(anonymous_4)
FN:149,(anonymous_5)
FN:269,(anonymous_6)
FN:421,(anonymous_7)
FN:465,(anonymous_8)
FNF:9
FNH:0
FNDA:0,(anonymous_0)
FNDA:0,(anonymous_1)
FNDA:0,(anonymous_2)
FNDA:0,(anonymous_3)
FNDA:0,(anonymous_4)
FNDA:0,(anonymous_5)
FNDA:0,(anonymous_6)
FNDA:0,(anonymous_7)
FNDA:0,(anonymous_8)
DA:1,0
DA:4,0
DA:13,0
DA:14,0
DA:15,0
DA:16,0
DA:17,0
DA:19,0
DA:22,0
DA:26,0
DA:27,0
DA:29,0
DA:37,0
DA:40,0
DA:41,0
DA:43,0
DA:44,0
DA:46,0
DA:47,0
DA:48,0
DA:51,0
DA:52,0
DA:53,0
DA:56,0
DA:57,0
DA:58,0
DA:61,0
DA:63,0
DA:72,0
DA:74,0
DA:77,0
DA:80,0
DA:87,0
DA:88,0
DA:90,0
DA:102,0
DA:103,0
DA:111,0
DA:112,0
DA:114,0
DA:115,0
DA:120,0
DA:127,0
DA:129,0
DA:130,0
DA:135,0
DA:137,0
DA:141,0
DA:142,0
DA:150,0
DA:163,0
DA:166,0
DA:167,0
DA:172,0
DA:173,0
DA:179,0
DA:184,0
DA:185,0
DA:191,0
DA:195,0
DA:196,0
DA:203,0
DA:217,0
DA:224,0
DA:238,0
DA:241,0
DA:248,0
DA:250,0
DA:254,0
DA:256,0
DA:257,0
DA:262,0
DA:270,0
DA:271,0
DA:284,0
DA:286,0
DA:287,0
DA:293,0
DA:298,0
DA:299,0
DA:305,0
DA:306,0
DA:308,0
DA:309,0
DA:310,0
DA:314,0
DA:315,0
DA:318,0
DA:319,0
DA:320,0
DA:323,0
DA:324,0
DA:325,0
DA:328,0
DA:329,0
DA:330,0
DA:333,0
DA:334,0
DA:335,0
DA:338,0
DA:339,0
DA:340,0
DA:343,0
DA:344,0
DA:345,0
DA:348,0
DA:349,0
DA:350,0
DA:353,0
DA:355,0
DA:360,0
DA:361,0
DA:366,0
DA:367,0
DA:370,0
DA:371,0
DA:372,0
DA:375,0
DA:376,0
DA:377,0
DA:380,0
DA:381,0
DA:386,0
DA:387,0
DA:389,0
DA:390,0
DA:393,0
DA:400,0
DA:402,0
DA:406,0
DA:408,0
DA:409,0
DA:414,0
DA:422,0
DA:423,0
DA:425,0
DA:426,0
DA:432,0
DA:437,0
DA:438,0
DA:444,0
DA:446,0
DA:450,0
DA:452,0
DA:453,0
DA:458,0
DA:466,0
DA:467,0
DA:469,0
DA:470,0
DA:476,0
DA:481,0
DA:482,0
DA:487,0
DA:490,0
DA:495,0
DA:502,0
DA:503,0
DA:510,0
LF:159
LH:0
BRDA:4,0,0,0
BRDA:4,1,0,0
BRDA:8,2,0,0
BRDA:8,2,1,0
BRDA:9,3,0,0
BRDA:9,3,1,0
BRDA:14,4,0,0
BRDA:14,4,1,0
BRDA:15,5,0,0
BRDA:15,5,1,0
BRDA:27,6,0,0
BRDA:27,6,1,0
BRDA:31,7,0,0
BRDA:31,7,1,0
BRDA:41,8,0,0
BRDA:41,9,0,0
BRDA:41,10,0,0
BRDA:41,11,0,0
BRDA:41,12,0,0
BRDA:46,13,0,0
BRDA:46,13,1,0
BRDA:51,14,0,0
BRDA:51,14,1,0
BRDA:56,15,0,0
BRDA:56,15,1,0
BRDA:58,16,0,0
BRDA:58,16,1,0
BRDA:114,17,0,0
BRDA:114,17,1,0
BRDA:114,18,0,0
BRDA:114,18,1,0
BRDA:129,19,0,0
BRDA:129,19,1,0
BRDA:162,20,0,0
BRDA:166,21,0,0
BRDA:166,21,1,0
BRDA:166,22,0,0
BRDA:166,22,1,0
BRDA:172,23,0,0
BRDA:172,23,1,0
BRDA:184,24,0,0
BRDA:184,24,1,0
BRDA:195,25,0,0
BRDA:195,25,1,0
BRDA:205,26,0,0
BRDA:205,26,1,0
BRDA:206,27,0,0
BRDA:206,27,1,0
BRDA:207,28,0,0
BRDA:207,28,1,0
BRDA:208,29,0,0
BRDA:208,29,1,0
BRDA:209,30,0,0
BRDA:209,30,1,0
BRDA:210,31,0,0
BRDA:210,31,1,0
BRDA:212,32,0,0
BRDA:212,32,1,0
BRDA:226,33,0,0
BRDA:226,33,1,0
BRDA:227,34,0,0
BRDA:227,34,1,0
BRDA:228,35,0,0
BRDA:228,35,1,0
BRDA:229,36,0,0
BRDA:229,36,1,0
BRDA:230,37,0,0
BRDA:230,37,1,0
BRDA:231,38,0,0
BRDA:231,38,1,0
BRDA:233,39,0,0
BRDA:233,39,1,0
BRDA:256,40,0,0
BRDA:256,40,1,0
BRDA:286,41,0,0
BRDA:286,41,1,0
BRDA:286,42,0,0
BRDA:286,42,1,0
BRDA:298,43,0,0
BRDA:298,43,1,0
BRDA:308,44,0,0
BRDA:308,44,1,0
BRDA:309,45,0,0
BRDA:309,45,1,0
BRDA:318,46,0,0
BRDA:318,46,1,0
BRDA:320,47,0,0
BRDA:320,47,1,0
BRDA:323,48,0,0
BRDA:323,48,1,0
BRDA:325,49,0,0
BRDA:325,49,1,0
BRDA:328,50,0,0
BRDA:328,50,1,0
BRDA:330,51,0,0
BRDA:330,51,1,0
BRDA:333,52,0,0
BRDA:333,52,1,0
BRDA:335,53,0,0
BRDA:335,53,1,0
BRDA:338,54,0,0
BRDA:338,54,1,0
BRDA:340,55,0,0
BRDA:340,55,1,0
BRDA:343,56,0,0
BRDA:343,56,1,0
BRDA:345,57,0,0
BRDA:345,57,1,0
BRDA:348,58,0,0
BRDA:348,58,1,0
BRDA:350,59,0,0
BRDA:350,59,1,0
BRDA:353,60,0,0
BRDA:353,60,1,0
BRDA:360,61,0,0
BRDA:360,61,1,0
BRDA:370,62,0,0
BRDA:370,62,1,0
BRDA:372,63,0,0
BRDA:372,63,1,0
BRDA:375,64,0,0
BRDA:375,64,1,0
BRDA:380,65,0,0
BRDA:380,65,1,0
BRDA:408,66,0,0
BRDA:408,66,1,0
BRDA:425,67,0,0
BRDA:425,67,1,0
BRDA:425,68,0,0
BRDA:425,68,1,0
BRDA:437,69,0,0
BRDA:437,69,1,0
BRDA:452,70,0,0
BRDA:452,70,1,0
BRDA:469,71,0,0
BRDA:469,71,1,0
BRDA:469,72,0,0
BRDA:469,72,1,0
BRDA:481,73,0,0
BRDA:481,73,1,0
BRDA:496,74,0,0
BRDA:496,74,1,0
BRF:142
BRH:0
end_of_record
TN:
SF:controllers\campaignController_privacy.js
FN:4,(anonymous_0)
FN:13,(anonymous_1)
FN:27,(anonymous_2)
FN:40,(anonymous_3)
FN:53,(anonymous_4)
FN:116,(anonymous_5)
FN:156,(anonymous_6)
FN:204,(anonymous_7)
FN:354,(anonymous_8)
FN:565,(anonymous_9)
FN:618,(anonymous_10)
FN:672,(anonymous_11)
FN:709,(anonymous_12)
FN:767,(anonymous_13)
FN:772,(anonymous_14)
FN:830,(anonymous_15)
FNF:16
FNH:0
FNDA:0,(anonymous_0)
FNDA:0,(anonymous_1)
FNDA:0,(anonymous_2)
FNDA:0,(anonymous_3)
FNDA:0,(anonymous_4)
FNDA:0,(anonymous_5)
FNDA:0,(anonymous_6)
FNDA:0,(anonymous_7)
FNDA:0,(anonymous_8)
FNDA:0,(anonymous_9)
FNDA:0,(anonymous_10)
FNDA:0,(anonymous_11)
FNDA:0,(anonymous_12)
FNDA:0,(anonymous_13)
FNDA:0,(anonymous_14)
FNDA:0,(anonymous_15)
DA:1,2
DA:4,2
DA:13,2
DA:14,0
DA:15,0
DA:18,0
DA:19,0
DA:23,0
DA:27,2
DA:28,0
DA:29,0
DA:30,0
DA:31,0
DA:33,0
DA:36,0
DA:40,2
DA:41,0
DA:43,0
DA:51,2
DA:54,0
DA:55,0
DA:58,0
DA:66,0
DA:67,0
DA:70,0
DA:72,0
DA:74,0
DA:75,0
DA:76,0
DA:77,0
DA:79,0
DA:82,0
DA:83,0
DA:84,0
DA:87,0
DA:88,0
DA:89,0
DA:92,0
DA:93,0
DA:94,0
DA:97,0
DA:99,0
DA:108,0
DA:110,0
DA:111,0
DA:113,0
DA:115,0
DA:116,0
DA:117,0
DA:121,0
DA:123,0
DA:126,0
DA:133,0
DA:134,0
DA:136,0
DA:148,0
DA:149,0
DA:157,0
DA:158,0
DA:160,0
DA:161,0
DA:166,0
DA:173,0
DA:175,0
DA:176,0
DA:181,0
DA:184,0
DA:185,0
DA:190,0
DA:192,0
DA:196,0
DA:197,0
DA:205,0
DA:217,0
DA:220,0
DA:221,0
DA:226,0
DA:227,0
DA:232,0
DA:233,0
DA:239,0
DA:244,0
DA:245,0
DA:251,0
DA:256,0
DA:257,0
DA:263,0
DA:264,0
DA:266,0
DA:267,0
DA:268,0
DA:269,0
DA:272,0
DA:273,0
DA:274,0
DA:279,0
DA:288,0
DA:289,0
DA:291,0
DA:292,0
DA:297,0
DA:298,0
DA:303,0
DA:304,0
DA:309,0
DA:323,0
DA:326,0
DA:333,0
DA:335,0
DA:339,0
DA:341,0
DA:342,0
DA:347,0
DA:355,0
DA:356,0
DA:368,0
DA:370,0
DA:371,0
DA:377,0
DA:382,0
DA:383,0
DA:388,0
DA:391,0
DA:392,0
DA:398,0
DA:399,0
DA:401,0
DA:402,0
DA:403,0
DA:409,0
DA:410,0
DA:411,0
DA:413,0
DA:414,0
DA:415,0
DA:416,0
DA:419,0
DA:420,0
DA:421,0
DA:427,0
DA:428,0
DA:431,0
DA:432,0
DA:433,0
DA:436,0
DA:437,0
DA:438,0
DA:441,0
DA:442,0
DA:443,0
DA:444,0
DA:448,0
DA:449,0
DA:452,0
DA:453,0
DA:454,0
DA:455,0
DA:459,0
DA:460,0
DA:464,0
DA:465,0
DA:466,0
DA:467,0
DA:468,0
DA:474,0
DA:475,0
DA:476,0
DA:479,0
DA:480,0
DA:481,0
DA:484,0
DA:486,0
DA:491,0
DA:492,0
DA:497,0
DA:498,0
DA:501,0
DA:502,0
DA:504,0
DA:509,0
DA:510,0
DA:515,0
DA:516,0
DA:519,0
DA:520,0
DA:521,0
DA:524,0
DA:525,0
DA:530,0
DA:531,0
DA:533,0
DA:534,0
DA:537,0
DA:544,0
DA:546,0
DA:550,0
DA:552,0
DA:553,0
DA:558,0
DA:566,0
DA:567,0
DA:569,0
DA:570,0
DA:576,0
DA:581,0
DA:582,0
DA:587,0
DA:590,0
DA:591,0
DA:597,0
DA:599,0
DA:603,0
DA:605,0
DA:606,0
DA:611,0
DA:619,0
DA:620,0
DA:622,0
DA:623,0
DA:629,0
DA:634,0
DA:635,0
DA:640,0
DA:643,0
DA:644,0
DA:649,0
DA:652,0
DA:657,0
DA:664,0
DA:665,0
DA:673,0
DA:674,0
DA:676,0
DA:677,0
DA:679,0
DA:680,0
DA:681,0
DA:684,0
DA:695,0
DA:697,0
DA:701,0
DA:702,0
DA:710,0
DA:711,0
DA:712,0
DA:714,0
DA:715,0
DA:720,0
DA:721,0
DA:724,0
DA:725,0
DA:726,0
DA:727,0
DA:730,0
DA:731,0
DA:732,0
DA:735,0
DA:736,0
DA:737,0
DA:740,0
DA:742,0
DA:751,0
DA:752,0
DA:753,0
DA:755,0
DA:759,0
DA:760,0
DA:768,0
DA:773,0
DA:774,0
DA:776,0
DA:777,0
DA:783,0
DA:788,0
DA:789,0
DA:794,0
DA:797,0
DA:798,0
DA:803,0
DA:804,0
DA:810,0
DA:815,0
DA:822,0
DA:823,0
DA:831,0
DA:832,0
DA:834,0
DA:835,0
DA:841,0
DA:846,0
DA:847,0
DA:852,0
DA:855,0
DA:856,0
DA:861,0
DA:862,0
DA:868,0
DA:873,0
DA:880,0
DA:881,0
DA:888,2
LF:301
LH:7
BRDA:4,0,0,0
BRDA:4,1,0,0
BRDA:8,2,0,0
BRDA:8,2,1,0
BRDA:9,3,0,0
BRDA:9,3,1,0
BRDA:15,4,0,0
BRDA:15,4,1,0
BRDA:18,5,0,0
BRDA:18,5,1,0
BRDA:18,6,0,0
BRDA:18,6,1,0
BRDA:18,6,2,0
BRDA:18,6,3,0
BRDA:28,7,0,0
BRDA:28,7,1,0
BRDA:29,8,0,0
BRDA:29,8,1,0
BRDA:41,9,0,0
BRDA:41,9,1,0
BRDA:45,10,0,0
BRDA:45,10,1,0
BRDA:55,11,0,0
BRDA:55,12,0,0
BRDA:55,13,0,0
BRDA:55,14,0,0
BRDA:55,15,0,0
BRDA:70,16,0,0
BRDA:70,16,1,0
BRDA:70,16,2,0
BRDA:70,16,3,0
BRDA:74,17,0,0
BRDA:74,17,1,0
BRDA:82,18,0,0
BRDA:82,18,1,0
BRDA:87,19,0,0
BRDA:87,19,1,0
BRDA:92,20,0,0
BRDA:92,20,1,0
BRDA:94,21,0,0
BRDA:94,21,1,0
BRDA:160,22,0,0
BRDA:160,22,1,0
BRDA:160,23,0,0
BRDA:160,23,1,0
BRDA:175,24,0,0
BRDA:175,24,1,0
BRDA:184,25,0,0
BRDA:184,25,1,0
BRDA:216,26,0,0
BRDA:220,27,0,0
BRDA:220,27,1,0
BRDA:220,28,0,0
BRDA:220,28,1,0
BRDA:226,29,0,0
BRDA:226,29,1,0
BRDA:232,30,0,0
BRDA:232,30,1,0
BRDA:244,31,0,0
BRDA:244,31,1,0
BRDA:256,32,0,0
BRDA:256,32,1,0
BRDA:266,33,0,0
BRDA:266,33,1,0
BRDA:266,33,2,0
BRDA:266,33,3,0
BRDA:267,34,0,0
BRDA:267,34,1,0
BRDA:273,35,0,0
BRDA:273,35,1,0
BRDA:273,36,0,0
BRDA:273,36,1,0
BRDA:288,37,0,0
BRDA:288,37,1,0
BRDA:289,38,0,0
BRDA:289,38,1,0
BRDA:291,39,0,0
BRDA:291,39,1,0
BRDA:291,40,0,0
BRDA:291,40,1,0
BRDA:291,40,2,0
BRDA:297,41,0,0
BRDA:297,41,1,0
BRDA:297,42,0,0
BRDA:297,42,1,0
BRDA:297,42,2,0
BRDA:303,43,0,0
BRDA:303,43,1,0
BRDA:303,44,0,0
BRDA:303,44,1,0
BRDA:303,44,2,0
BRDA:311,45,0,0
BRDA:311,45,1,0
BRDA:311,46,0,0
BRDA:311,46,1,0
BRDA:312,47,0,0
BRDA:312,47,1,0
BRDA:312,48,0,0
BRDA:312,48,1,0
BRDA:315,49,0,0
BRDA:315,49,1,0
BRDA:315,50,0,0
BRDA:315,50,1,0
BRDA:316,51,0,0
BRDA:316,51,1,0
BRDA:318,52,0,0
BRDA:318,52,1,0
BRDA:341,53,0,0
BRDA:341,53,1,0
BRDA:370,54,0,0
BRDA:370,54,1,0
BRDA:370,55,0,0
BRDA:370,55,1,0
BRDA:382,56,0,0
BRDA:382,56,1,0
BRDA:391,57,0,0
BRDA:391,57,1,0
BRDA:401,58,0,0
BRDA:401,58,1,0
BRDA:402,59,0,0
BRDA:402,59,1,0
BRDA:409,60,0,0
BRDA:409,60,1,0
BRDA:413,61,0,0
BRDA:413,61,1,0
BRDA:413,61,2,0
BRDA:413,61,3,0
BRDA:414,62,0,0
BRDA:414,62,1,0
BRDA:420,63,0,0
BRDA:420,63,1,0
BRDA:420,64,0,0
BRDA:420,64,1,0
BRDA:431,65,0,0
BRDA:431,65,1,0
BRDA:433,66,0,0
BRDA:433,66,1,0
BRDA:433,67,0,0
BRDA:433,67,1,0
BRDA:436,68,0,0
BRDA:436,68,1,0
BRDA:438,69,0,0
BRDA:438,69,1,0
BRDA:438,70,0,0
BRDA:438,70,1,0
BRDA:441,71,0,0
BRDA:441,71,1,0
BRDA:442,72,0,0
BRDA:442,72,1,0
BRDA:443,73,0,0
BRDA:443,73,1,0
BRDA:443,74,0,0
BRDA:443,74,1,0
BRDA:443,74,2,0
BRDA:452,75,0,0
BRDA:452,75,1,0
BRDA:453,76,0,0
BRDA:453,76,1,0
BRDA:454,77,0,0
BRDA:454,77,1,0
BRDA:454,78,0,0
BRDA:454,78,1,0
BRDA:454,78,2,0
BRDA:464,79,0,0
BRDA:464,79,1,0
BRDA:464,80,0,0
BRDA:464,80,1,0
BRDA:465,81,0,0
BRDA:465,81,1,0
BRDA:466,82,0,0
BRDA:466,82,1,0
BRDA:467,83,0,0
BRDA:467,83,1,0
BRDA:467,84,0,0
BRDA:467,84,1,0
BRDA:467,84,2,0
BRDA:474,85,0,0
BRDA:474,85,1,0
BRDA:476,86,0,0
BRDA:476,86,1,0
BRDA:476,87,0,0
BRDA:476,87,1,0
BRDA:479,88,0,0
BRDA:479,88,1,0
BRDA:481,89,0,0
BRDA:481,89,1,0
BRDA:484,90,0,0
BRDA:484,90,1,0
BRDA:491,91,0,0
BRDA:491,91,1,0
BRDA:501,92,0,0
BRDA:501,92,1,0
BRDA:502,93,0,0
BRDA:502,93,1,0
BRDA:502,94,0,0
BRDA:502,94,1,0
BRDA:509,95,0,0
BRDA:509,95,1,0
BRDA:516,96,0,0
BRDA:516,96,1,0
BRDA:519,97,0,0
BRDA:519,97,1,0
BRDA:524,98,0,0
BRDA:524,98,1,0
BRDA:552,99,0,0
BRDA:552,99,1,0
BRDA:569,100,0,0
BRDA:569,100,1,0
BRDA:569,101,0,0
BRDA:569,101,1,0
BRDA:581,102,0,0
BRDA:581,102,1,0
BRDA:590,103,0,0
BRDA:590,103,1,0
BRDA:605,104,0,0
BRDA:605,104,1,0
BRDA:622,105,0,0
BRDA:622,105,1,0
BRDA:622,106,0,0
BRDA:622,106,1,0
BRDA:634,107,0,0
BRDA:634,107,1,0
BRDA:643,108,0,0
BRDA:643,108,1,0
BRDA:658,109,0,0
BRDA:658,109,1,0
BRDA:674,110,0,0
BRDA:674,110,1,0
BRDA:674,110,2,0
BRDA:674,110,3,0
BRDA:679,111,0,0
BRDA:679,111,1,0
BRDA:712,112,0,0
BRDA:712,113,0,0
BRDA:712,114,0,0
BRDA:712,115,0,0
BRDA:714,116,0,0
BRDA:714,116,1,0
BRDA:714,117,0,0
BRDA:714,117,1,0
BRDA:724,118,0,0
BRDA:724,118,1,0
BRDA:724,118,2,0
BRDA:724,118,3,0
BRDA:725,119,0,0
BRDA:725,119,1,0
BRDA:730,120,0,0
BRDA:730,120,1,0
BRDA:735,121,0,0
BRDA:735,121,1,0
BRDA:737,122,0,0
BRDA:737,122,1,0
BRDA:776,123,0,0
BRDA:776,123,1,0
BRDA:776,124,0,0
BRDA:776,124,1,0
BRDA:788,125,0,0
BRDA:788,125,1,0
BRDA:797,126,0,0
BRDA:797,126,1,0
BRDA:803,127,0,0
BRDA:803,127,1,0
BRDA:834,128,0,0
BRDA:834,128,1,0
BRDA:834,129,0,0
BRDA:834,129,1,0
BRDA:846,130,0,0
BRDA:846,130,1,0
BRDA:855,131,0,0
BRDA:855,131,1,0
BRDA:861,132,0,0
BRDA:861,132,1,0
BRF:272
BRH:0
end_of_record
TN:
SF:controllers\campaignControllrt.js
FN:2,(anonymous_0)
FN:6,(anonymous_1)
FN:16,(anonymous_2)
FN:24,(anonymous_3)
FN:35,(anonymous_4)
FN:42,(anonymous_5)
FN:114,(anonymous_6)
FN:135,(anonymous_7)
FN:191,(anonymous_8)
FN:210,(anonymous_9)
FN:214,(anonymous_10)
FN:227,(anonymous_11)
FNF:12
FNH:0
FNDA:0,(anonymous_0)
FNDA:0,(anonymous_1)
FNDA:0,(anonymous_2)
FNDA:0,(anonymous_3)
FNDA:0,(anonymous_4)
FNDA:0,(anonymous_5)
FNDA:0,(anonymous_6)
FNDA:0,(anonymous_7)
FNDA:0,(anonymous_8)
FNDA:0,(anonymous_9)
FNDA:0,(anonymous_10)
FNDA:0,(anonymous_11)
DA:2,0
DA:3,0
DA:6,0
DA:7,0
DA:8,0
DA:9,0
DA:10,0
DA:12,0
DA:13,0
DA:16,0
DA:17,0
DA:20,0
DA:24,0
DA:25,0
DA:26,0
DA:27,0
DA:28,0
DA:30,0
DA:31,0
DA:35,0
DA:36,0
DA:37,0
DA:38,0
DA:42,0
DA:43,0
DA:55,0
DA:57,0
DA:58,0
DA:60,0
DA:61,0
DA:63,0
DA:64,0
DA:68,0
DA:69,0
DA:71,0
DA:93,0
DA:94,0
DA:95,0
DA:98,0
DA:99,0
DA:100,0
DA:102,0
DA:103,0
DA:104,0
DA:106,0
DA:107,0
DA:109,0
DA:114,0
DA:115,0
DA:116,0
DA:117,0
DA:130,0
DA:132,0
DA:133,0
DA:135,0
DA:137,0
DA:138,0
DA:139,0
DA:140,0
DA:141,0
DA:143,0
DA:145,0
DA:146,0
DA:147,0
DA:149,0
DA:153,0
DA:154,0
DA:155,0
DA:156,0
DA:158,0
DA:159,0
DA:160,0
DA:161,0
DA:163,0
DA:164,0
DA:167,0
DA:168,0
DA:170,0
DA:171,0
DA:172,0
DA:175,0
DA:176,0
DA:177,0
DA:179,0
DA:180,0
DA:181,0
DA:183,0
DA:184,0
DA:186,0
DA:191,0
DA:192,0
DA:193,0
DA:194,0
DA:196,0
DA:197,0
DA:198,0
DA:200,0
DA:201,0
DA:202,0
DA:203,0
DA:205,0
DA:210,0
DA:211,0
DA:212,0
DA:213,0
DA:214,0
DA:220,0
DA:222,0
DA:227,0
DA:228,0
DA:229,0
DA:230,0
DA:232,0
DA:234,0
DA:235,0
DA:236,0
DA:238,0
DA:240,0
DA:241,0
DA:243,0
DA:247,0
DA:250,0
LF:122
LH:0
BRDA:7,0,0,0
BRDA:7,0,1,0
BRDA:7,1,0,0
BRDA:7,1,1,0
BRDA:8,2,0,0
BRDA:8,2,1,0
BRDA:9,3,0,0
BRDA:9,3,1,0
BRDA:12,4,0,0
BRDA:12,4,1,0
BRDA:17,5,0,0
BRDA:17,5,1,0
BRDA:17,6,0,0
BRDA:17,6,1,0
BRDA:25,7,0,0
BRDA:25,7,1,0
BRDA:26,8,0,0
BRDA:26,8,1,0
BRDA:37,9,0,0
BRDA:37,9,1,0
BRDA:37,10,0,0
BRDA:37,10,1,0
BRDA:46,11,0,0
BRDA:47,12,0,0
BRDA:48,13,0,0
BRDA:49,14,0,0
BRDA:50,15,0,0
BRDA:52,16,0,0
BRDA:53,17,0,0
BRDA:54,18,0,0
BRDA:57,19,0,0
BRDA:57,19,1,0
BRDA:57,20,0,0
BRDA:57,20,1,0
BRDA:60,21,0,0
BRDA:60,21,1,0
BRDA:60,22,0,0
BRDA:60,22,1,0
BRDA:60,22,2,0
BRDA:63,23,0,0
BRDA:63,23,1,0
BRDA:63,24,0,0
BRDA:63,24,1,0
BRDA:63,24,2,0
BRDA:68,25,0,0
BRDA:68,25,1,0
BRDA:68,26,0,0
BRDA:68,26,1,0
BRDA:69,27,0,0
BRDA:69,27,1,0
BRDA:69,28,0,0
BRDA:69,28,1,0
BRDA:76,29,0,0
BRDA:76,29,1,0
BRDA:77,30,0,0
BRDA:77,30,1,0
BRDA:84,31,0,0
BRDA:84,31,1,0
BRDA:85,32,0,0
BRDA:85,32,1,0
BRDA:93,33,0,0
BRDA:93,33,1,0
BRDA:93,33,2,0
BRDA:93,33,3,0
BRDA:94,34,0,0
BRDA:94,34,1,0
BRDA:99,35,0,0
BRDA:99,35,1,0
BRDA:99,36,0,0
BRDA:99,36,1,0
BRDA:100,37,0,0
BRDA:100,37,1,0
BRDA:106,38,0,0
BRDA:106,38,1,0
BRDA:106,39,0,0
BRDA:106,39,1,0
BRDA:106,39,2,0
BRDA:109,40,0,0
BRDA:109,40,1,0
BRDA:117,41,0,0
BRDA:117,41,1,0
BRDA:137,42,0,0
BRDA:137,42,1,0
BRDA:138,43,0,0
BRDA:138,43,1,0
BRDA:139,44,0,0
BRDA:139,44,1,0
BRDA:140,45,0,0
BRDA:140,45,1,0
BRDA:140,46,0,0
BRDA:140,46,1,0
BRDA:140,46,2,0
BRDA:145,47,0,0
BRDA:145,47,1,0
BRDA:146,48,0,0
BRDA:146,48,1,0
BRDA:146,49,0,0
BRDA:146,49,1,0
BRDA:146,49,2,0
BRDA:155,50,0,0
BRDA:155,50,1,0
BRDA:156,51,0,0
BRDA:156,51,1,0
BRDA:158,52,0,0
BRDA:158,52,1,0
BRDA:159,53,0,0
BRDA:159,53,1,0
BRDA:160,54,0,0
BRDA:160,54,1,0
BRDA:161,55,0,0
BRDA:161,55,1,0
BRDA:163,56,0,0
BRDA:163,56,1,0
BRDA:170,57,0,0
BRDA:170,57,1,0
BRDA:170,57,2,0
BRDA:170,57,3,0
BRDA:171,58,0,0
BRDA:171,58,1,0
BRDA:176,59,0,0
BRDA:176,59,1,0
BRDA:176,60,0,0
BRDA:176,60,1,0
BRDA:177,61,0,0
BRDA:177,61,1,0
BRDA:183,62,0,0
BRDA:183,62,1,0
BRDA:183,63,0,0
BRDA:183,63,1,0
BRDA:183,63,2,0
BRDA:186,64,0,0
BRDA:186,64,1,0
BRDA:194,65,0,0
BRDA:194,65,1,0
BRDA:197,66,0,0
BRDA:197,66,1,0
BRDA:197,67,0,0
BRDA:197,67,1,0
BRDA:205,68,0,0
BRDA:205,68,1,0
BRDA:213,69,0,0
BRDA:213,69,1,0
BRDA:222,70,0,0
BRDA:222,70,1,0
BRDA:230,71,0,0
BRDA:230,71,1,0
BRDA:234,72,0,0
BRDA:234,72,1,0
BRDA:234,72,2,0
BRDA:234,72,3,0
BRDA:235,73,0,0
BRDA:235,73,1,0
BRDA:240,74,0,0
BRDA:240,74,1,0
BRDA:240,75,0,0
BRDA:240,75,1,0
BRDA:240,75,2,0
BRDA:243,76,0,0
BRDA:243,76,1,0
BRF:159
BRH:0
end_of_record
TN:
SF:controllers\campaignDataController.js
FN:8,(anonymous_0)
FN:19,(anonymous_1)
FN:56,(anonymous_2)
FN:67,(anonymous_3)
FN:71,(anonymous_4)
FN:87,(anonymous_5)
FN:108,(anonymous_6)
FN:166,(anonymous_7)
FN:221,(anonymous_8)
FN:281,(anonymous_9)
FN:370,(anonymous_10)
FN:424,(anonymous_11)
FN:492,(anonymous_12)
FN:573,(anonymous_13)
FN:610,(anonymous_14)
FN:631,(anonymous_15)
FNF:16
FNH:0
FNDA:0,(anonymous_0)
FNDA:0,(anonymous_1)
FNDA:0,(anonymous_2)
FNDA:0,(anonymous_3)
FNDA:0,(anonymous_4)
FNDA:0,(anonymous_5)
FNDA:0,(anonymous_6)
FNDA:0,(anonymous_7)
FNDA:0,(anonymous_8)
FNDA:0,(anonymous_9)
FNDA:0,(anonymous_10)
FNDA:0,(anonymous_11)
FNDA:0,(anonymous_12)
FNDA:0,(anonymous_13)
FNDA:0,(anonymous_14)
FNDA:0,(anonymous_15)
DA:1,2
DA:2,2
DA:8,2
DA:9,0
DA:14,0
DA:15,0
DA:16,0
DA:19,2
DA:20,0
DA:25,0
DA:26,0
DA:31,0
DA:32,0
DA:37,0
DA:38,0
DA:44,0
DA:56,2
DA:57,0
DA:58,0
DA:59,0
DA:60,0
DA:61,0
DA:62,0
DA:63,0
DA:67,2
DA:68,0
DA:70,0
DA:71,0
DA:75,0
DA:78,0
DA:79,0
DA:83,0
DA:87,2
DA:88,0
DA:90,0
DA:94,0
DA:96,0
DA:98,0
DA:101,0
DA:104,0
DA:105,0
DA:108,2
DA:109,0
DA:110,0
DA:112,0
DA:114,0
DA:116,0
DA:117,0
DA:120,0
DA:121,0
DA:122,0
DA:125,0
DA:126,0
DA:127,0
DA:128,0
DA:129,0
DA:133,0
DA:134,0
DA:135,0
DA:136,0
DA:137,0
DA:141,0
DA:143,0
DA:144,0
DA:145,0
DA:149,0
DA:150,0
DA:151,0
DA:154,0
DA:155,0
DA:166,2
DA:167,0
DA:168,0
DA:169,0
DA:170,0
DA:176,0
DA:179,0
DA:180,0
DA:181,0
DA:182,0
DA:193,0
DA:196,0
DA:199,0
DA:200,0
DA:201,0
DA:205,0
DA:206,0
DA:210,0
DA:213,0
DA:214,0
DA:216,0
DA:217,0
DA:218,0
DA:221,0
DA:222,0
DA:227,0
DA:228,0
DA:229,0
DA:233,0
DA:249,0
DA:250,0
DA:251,0
DA:252,0
DA:255,0
DA:257,0
DA:259,0
DA:261,0
DA:262,0
DA:269,0
DA:270,0
DA:271,0
DA:273,0
DA:281,2
DA:282,0
DA:283,0
DA:284,0
DA:286,0
DA:287,0
DA:293,0
DA:294,0
DA:295,0
DA:296,0
DA:297,0
DA:299,0
DA:302,0
DA:304,0
DA:311,0
DA:312,0
DA:314,0
DA:330,0
DA:332,0
DA:333,0
DA:350,0
DA:352,0
DA:361,0
DA:362,0
DA:370,2
DA:371,0
DA:372,0
DA:373,0
DA:374,0
DA:376,0
DA:378,0
DA:393,0
DA:396,0
DA:397,0
DA:398,0
DA:401,0
DA:403,0
DA:404,0
DA:405,0
DA:408,0
DA:409,0
DA:415,0
DA:416,0
DA:424,2
DA:425,0
DA:426,0
DA:427,0
DA:428,0
DA:429,0
DA:430,0
DA:432,0
DA:434,0
DA:437,0
DA:438,0
DA:440,0
DA:441,0
DA:442,0
DA:445,0
DA:447,0
DA:448,0
DA:449,0
DA:450,0
DA:453,0
DA:456,0
DA:457,0
DA:458,0
DA:459,0
DA:460,0
DA:462,0
DA:463,0
DA:464,0
DA:469,0
DA:470,0
DA:471,0
DA:475,0
DA:476,0
DA:477,0
DA:478,0
DA:483,0
DA:484,0
DA:485,0
DA:489,0
DA:492,0
DA:493,0
DA:494,0
DA:495,0
DA:498,0
DA:499,0
DA:500,0
DA:501,0
DA:502,0
DA:503,0
DA:504,0
DA:507,0
DA:509,0
DA:512,0
DA:513,0
DA:514,0
DA:515,0
DA:518,0
DA:520,0
DA:521,0
DA:522,0
DA:526,0
DA:541,0
DA:542,0
DA:543,0
DA:544,0
DA:547,0
DA:549,0
DA:551,0
DA:553,0
DA:554,0
DA:561,0
DA:562,0
DA:563,0
DA:565,0
DA:573,2
DA:574,0
DA:575,0
DA:576,0
DA:577,0
DA:579,0
DA:582,0
DA:583,0
DA:585,0
DA:586,0
DA:587,0
DA:590,0
DA:592,0
DA:593,0
DA:594,0
DA:597,0
DA:598,0
DA:601,0
DA:602,0
DA:610,2
DA:611,0
DA:612,0
DA:615,0
DA:624,0
DA:626,0
DA:627,0
DA:631,2
DA:632,0
DA:633,0
DA:636,0
DA:637,0
DA:642,0
DA:644,0
DA:645,0
DA:648,0
DA:650,0
DA:656,0
DA:659,0
DA:665,0
DA:668,0
DA:670,0
DA:672,0
DA:674,0
DA:675,0
DA:679,2
LF:274
LH:16
BRDA:8,0,0,0
BRDA:8,1,0,0
BRDA:14,2,0,0
BRDA:14,2,1,0
BRDA:15,3,0,0
BRDA:15,3,1,0
BRDA:19,4,0,0
BRDA:19,5,0,0
BRDA:22,6,0,0
BRDA:22,6,1,0
BRDA:22,7,0,0
BRDA:22,7,1,0
BRDA:22,7,2,0
BRDA:25,8,0,0
BRDA:25,8,1,0
BRDA:25,9,0,0
BRDA:25,9,1,0
BRDA:31,10,0,0
BRDA:31,10,1,0
BRDA:31,11,0,0
BRDA:31,11,1,0
BRDA:37,12,0,0
BRDA:37,12,1,0
BRDA:37,13,0,0
BRDA:37,13,1,0
BRDA:50,14,0,0
BRDA:50,14,1,0
BRDA:57,15,0,0
BRDA:57,15,1,0
BRDA:59,16,0,0
BRDA:59,16,1,0
BRDA:68,17,0,0
BRDA:68,17,1,0
BRDA:70,18,0,0
BRDA:70,18,1,0
BRDA:78,19,0,0
BRDA:78,19,1,0
BRDA:88,20,0,0
BRDA:88,20,1,0
BRDA:96,21,0,0
BRDA:96,21,1,0
BRDA:96,22,0,0
BRDA:96,22,1,0
BRDA:114,23,0,0
BRDA:114,23,1,0
BRDA:120,24,0,0
BRDA:120,24,1,0
BRDA:125,25,0,0
BRDA:125,25,1,0
BRDA:127,26,0,0
BRDA:127,26,1,0
BRDA:133,27,0,0
BRDA:133,27,1,0
BRDA:135,28,0,0
BRDA:135,28,1,0
BRDA:141,29,0,0
BRDA:141,29,1,0
BRDA:149,30,0,0
BRDA:149,30,1,0
BRDA:149,31,0,0
BRDA:149,31,1,0
BRDA:154,32,0,0
BRDA:154,32,1,0
BRDA:180,33,0,0
BRDA:180,33,1,0
BRDA:187,34,0,0
BRDA:188,35,0,0
BRDA:189,36,0,0
BRDA:191,37,0,0
BRDA:192,38,0,0
BRDA:193,39,0,0
BRDA:193,39,1,0
BRDA:200,40,0,0
BRDA:200,40,1,0
BRDA:200,41,0,0
BRDA:200,41,1,0
BRDA:205,42,0,0
BRDA:205,42,1,0
BRDA:205,43,0,0
BRDA:205,43,1,0
BRDA:210,44,0,0
BRDA:210,44,1,0
BRDA:214,45,0,0
BRDA:214,45,1,0
BRDA:214,46,0,0
BRDA:214,46,1,0
BRDA:216,47,0,0
BRDA:216,47,1,0
BRDA:227,48,0,0
BRDA:227,48,1,0
BRDA:227,49,0,0
BRDA:227,49,1,0
BRDA:250,50,0,0
BRDA:250,50,1,0
BRDA:259,51,0,0
BRDA:259,51,1,0
BRDA:259,52,0,0
BRDA:259,52,1,0
BRDA:293,53,0,0
BRDA:293,53,1,0
BRDA:294,54,0,0
BRDA:294,54,1,0
BRDA:312,55,0,0
BRDA:312,55,1,0
BRDA:312,56,0,0
BRDA:312,56,1,0
BRDA:312,56,2,0
BRDA:350,57,0,0
BRDA:350,57,1,0
BRDA:350,58,0,0
BRDA:350,58,1,0
BRDA:355,59,0,0
BRDA:355,59,1,0
BRDA:356,60,0,0
BRDA:356,60,1,0
BRDA:396,61,0,0
BRDA:396,61,1,0
BRDA:403,62,0,0
BRDA:403,62,1,0
BRDA:403,63,0,0
BRDA:403,63,1,0
BRDA:440,64,0,0
BRDA:440,64,1,0
BRDA:447,65,0,0
BRDA:447,65,1,0
BRDA:447,66,0,0
BRDA:447,66,1,0
BRDA:456,67,0,0
BRDA:456,67,1,0
BRDA:456,68,0,0
BRDA:456,68,1,0
BRDA:458,69,0,0
BRDA:458,69,1,0
BRDA:458,70,0,0
BRDA:458,70,1,0
BRDA:462,71,0,0
BRDA:462,71,1,0
BRDA:469,72,0,0
BRDA:469,72,1,0
BRDA:475,73,0,0
BRDA:475,73,1,0
BRDA:475,74,0,0
BRDA:475,74,1,0
BRDA:477,75,0,0
BRDA:477,75,1,0
BRDA:477,76,0,0
BRDA:477,76,1,0
BRDA:483,77,0,0
BRDA:483,77,1,0
BRDA:485,78,0,0
BRDA:485,78,1,0
BRDA:493,79,0,0
BRDA:493,79,1,0
BRDA:502,80,0,0
BRDA:502,80,1,0
BRDA:504,81,0,0
BRDA:504,81,1,0
BRDA:513,82,0,0
BRDA:513,82,1,0
BRDA:520,83,0,0
BRDA:520,83,1,0
BRDA:542,84,0,0
BRDA:542,84,1,0
BRDA:551,85,0,0
BRDA:551,85,1,0
BRDA:551,86,0,0
BRDA:551,86,1,0
BRDA:585,87,0,0
BRDA:585,87,1,0
BRDA:592,88,0,0
BRDA:592,88,1,0
BRDA:624,89,0,0
BRDA:624,89,1,0
BRDA:642,90,0,0
BRDA:642,90,1,0
BRDA:648,91,0,0
BRDA:648,91,1,0
BRDA:670,92,0,0
BRDA:670,92,1,0
BRDA:672,93,0,0
BRDA:672,93,1,0
BRF:181
BRH:0
end_of_record
TN:
SF:controllers\campaignDataController_original.js
FN:7,(anonymous_0)
FN:18,(anonymous_1)
FN:55,(anonymous_2)
FN:66,(anonymous_3)
FN:70,(anonymous_4)
FN:85,(anonymous_5)
FN:137,(anonymous_6)
FN:185,(anonymous_7)
FN:225,(anonymous_8)
FN:294,(anonymous_9)
FN:329,(anonymous_10)
FN:380,(anonymous_11)
FN:443,(anonymous_12)
FN:496,(anonymous_13)
FN:517,(anonymous_14)
FNF:15
FNH:0
FNDA:0,(anonymous_0)
FNDA:0,(anonymous_1)
FNDA:0,(anonymous_2)
FNDA:0,(anonymous_3)
FNDA:0,(anonymous_4)
FNDA:0,(anonymous_5)
FNDA:0,(anonymous_6)
FNDA:0,(anonymous_7)
FNDA:0,(anonymous_8)
FNDA:0,(anonymous_9)
FNDA:0,(anonymous_10)
FNDA:0,(anonymous_11)
FNDA:0,(anonymous_12)
FNDA:0,(anonymous_13)
FNDA:0,(anonymous_14)
DA:1,0
DA:7,0
DA:8,0
DA:13,0
DA:14,0
DA:15,0
DA:18,0
DA:19,0
DA:24,0
DA:25,0
DA:30,0
DA:31,0
DA:36,0
DA:37,0
DA:43,0
DA:55,0
DA:56,0
DA:57,0
DA:58,0
DA:59,0
DA:60,0
DA:61,0
DA:62,0
DA:66,0
DA:67,0
DA:69,0
DA:70,0
DA:74,0
DA:77,0
DA:78,0
DA:82,0
DA:85,0
DA:86,0
DA:87,0
DA:89,0
DA:91,0
DA:93,0
DA:94,0
DA:97,0
DA:98,0
DA:99,0
DA:102,0
DA:103,0
DA:104,0
DA:105,0
DA:106,0
DA:110,0
DA:111,0
DA:112,0
DA:113,0
DA:114,0
DA:118,0
DA:120,0
DA:121,0
DA:122,0
DA:125,0
DA:126,0
DA:137,0
DA:138,0
DA:139,0
DA:140,0
DA:142,0
DA:144,0
DA:154,0
DA:157,0
DA:163,0
DA:164,0
DA:165,0
DA:169,0
DA:170,0
DA:174,0
DA:177,0
DA:178,0
DA:180,0
DA:181,0
DA:182,0
DA:185,0
DA:186,0
DA:191,0
DA:192,0
DA:193,0
DA:196,0
DA:210,0
DA:211,0
DA:212,0
DA:214,0
DA:215,0
DA:216,0
DA:218,0
DA:225,0
DA:226,0
DA:227,0
DA:229,0
DA:230,0
DA:231,0
DA:232,0
DA:233,0
DA:235,0
DA:237,0
DA:239,0
DA:245,0
DA:246,0
DA:248,0
DA:262,0
DA:264,0
DA:265,0
DA:277,0
DA:286,0
DA:287,0
DA:294,0
DA:295,0
DA:296,0
DA:297,0
DA:299,0
DA:315,0
DA:316,0
DA:319,0
DA:321,0
DA:322,0
DA:329,0
DA:330,0
DA:331,0
DA:332,0
DA:333,0
DA:335,0
DA:337,0
DA:339,0
DA:340,0
DA:341,0
DA:342,0
DA:344,0
DA:347,0
DA:348,0
DA:349,0
DA:350,0
DA:351,0
DA:353,0
DA:354,0
DA:355,0
DA:360,0
DA:361,0
DA:362,0
DA:366,0
DA:367,0
DA:368,0
DA:369,0
DA:374,0
DA:375,0
DA:376,0
DA:380,0
DA:381,0
DA:382,0
DA:383,0
DA:386,0
DA:387,0
DA:388,0
DA:389,0
DA:390,0
DA:391,0
DA:393,0
DA:396,0
DA:398,0
DA:400,0
DA:401,0
DA:403,0
DA:407,0
DA:408,0
DA:409,0
DA:412,0
DA:428,0
DA:430,0
DA:432,0
DA:433,0
DA:434,0
DA:436,0
DA:443,0
DA:444,0
DA:445,0
DA:446,0
DA:447,0
DA:449,0
DA:451,0
DA:460,0
DA:461,0
DA:462,0
DA:465,0
DA:467,0
DA:468,0
DA:469,0
DA:470,0
DA:473,0
DA:475,0
DA:484,0
DA:485,0
DA:486,0
DA:488,0
DA:496,0
DA:497,0
DA:498,0
DA:501,0
DA:510,0
DA:512,0
DA:513,0
DA:517,0
DA:518,0
DA:519,0
DA:521,0
DA:530,0
DA:532,0
DA:533,0
DA:537,0
LF:211
LH:0
BRDA:7,0,0,0
BRDA:7,1,0,0
BRDA:13,2,0,0
BRDA:13,2,1,0
BRDA:14,3,0,0
BRDA:14,3,1,0
BRDA:18,4,0,0
BRDA:18,5,0,0
BRDA:21,6,0,0
BRDA:21,6,1,0
BRDA:21,7,0,0
BRDA:21,7,1,0
BRDA:21,7,2,0
BRDA:24,8,0,0
BRDA:24,8,1,0
BRDA:24,9,0,0
BRDA:24,9,1,0
BRDA:30,10,0,0
BRDA:30,10,1,0
BRDA:30,11,0,0
BRDA:30,11,1,0
BRDA:36,12,0,0
BRDA:36,12,1,0
BRDA:36,13,0,0
BRDA:36,13,1,0
BRDA:49,14,0,0
BRDA:49,14,1,0
BRDA:56,15,0,0
BRDA:56,15,1,0
BRDA:58,16,0,0
BRDA:58,16,1,0
BRDA:67,17,0,0
BRDA:67,17,1,0
BRDA:69,18,0,0
BRDA:69,18,1,0
BRDA:77,19,0,0
BRDA:77,19,1,0
BRDA:91,20,0,0
BRDA:91,20,1,0
BRDA:97,21,0,0
BRDA:97,21,1,0
BRDA:102,22,0,0
BRDA:102,22,1,0
BRDA:104,23,0,0
BRDA:104,23,1,0
BRDA:110,24,0,0
BRDA:110,24,1,0
BRDA:112,25,0,0
BRDA:112,25,1,0
BRDA:118,26,0,0
BRDA:118,26,1,0
BRDA:125,27,0,0
BRDA:125,27,1,0
BRDA:144,28,0,0
BRDA:144,28,1,0
BRDA:147,29,0,0
BRDA:148,30,0,0
BRDA:149,31,0,0
BRDA:151,32,0,0
BRDA:152,33,0,0
BRDA:153,34,0,0
BRDA:154,35,0,0
BRDA:154,35,1,0
BRDA:164,36,0,0
BRDA:164,36,1,0
BRDA:164,37,0,0
BRDA:164,37,1,0
BRDA:169,38,0,0
BRDA:169,38,1,0
BRDA:169,39,0,0
BRDA:169,39,1,0
BRDA:174,40,0,0
BRDA:174,40,1,0
BRDA:178,41,0,0
BRDA:178,41,1,0
BRDA:178,42,0,0
BRDA:178,42,1,0
BRDA:178,43,0,0
BRDA:178,43,1,0
BRDA:180,44,0,0
BRDA:180,44,1,0
BRDA:191,45,0,0
BRDA:191,45,1,0
BRDA:191,46,0,0
BRDA:191,46,1,0
BRDA:211,47,0,0
BRDA:211,47,1,0
BRDA:211,48,0,0
BRDA:211,48,1,0
BRDA:229,49,0,0
BRDA:229,49,1,0
BRDA:230,50,0,0
BRDA:230,50,1,0
BRDA:246,51,0,0
BRDA:246,51,1,0
BRDA:246,52,0,0
BRDA:246,52,1,0
BRDA:246,52,2,0
BRDA:280,53,0,0
BRDA:280,53,1,0
BRDA:281,54,0,0
BRDA:281,54,1,0
BRDA:315,55,0,0
BRDA:315,55,1,0
BRDA:315,56,0,0
BRDA:315,56,1,0
BRDA:340,57,0,0
BRDA:340,57,1,0
BRDA:340,58,0,0
BRDA:340,58,1,0
BRDA:347,59,0,0
BRDA:347,59,1,0
BRDA:347,60,0,0
BRDA:347,60,1,0
BRDA:349,61,0,0
BRDA:349,61,1,0
BRDA:349,62,0,0
BRDA:349,62,1,0
BRDA:353,63,0,0
BRDA:353,63,1,0
BRDA:360,64,0,0
BRDA:360,64,1,0
BRDA:366,65,0,0
BRDA:366,65,1,0
BRDA:366,66,0,0
BRDA:366,66,1,0
BRDA:368,67,0,0
BRDA:368,67,1,0
BRDA:368,68,0,0
BRDA:368,68,1,0
BRDA:374,69,0,0
BRDA:374,69,1,0
BRDA:376,70,0,0
BRDA:376,70,1,0
BRDA:381,71,0,0
BRDA:381,71,1,0
BRDA:390,72,0,0
BRDA:390,72,1,0
BRDA:393,73,0,0
BRDA:393,73,1,0
BRDA:407,74,0,0
BRDA:407,74,1,0
BRDA:407,75,0,0
BRDA:407,75,1,0
BRDA:430,76,0,0
BRDA:430,76,1,0
BRDA:430,77,0,0
BRDA:430,77,1,0
BRDA:460,78,0,0
BRDA:460,78,1,0
BRDA:460,79,0,0
BRDA:460,79,1,0
BRDA:468,80,0,0
BRDA:468,80,1,0
BRDA:468,81,0,0
BRDA:468,81,1,0
BRDA:510,82,0,0
BRDA:510,82,1,0
BRDA:530,83,0,0
BRDA:530,83,1,0
BRF:160
BRH:0
end_of_record
TN:
SF:controllers\campaignDataController_privacy.js
FN:8,(anonymous_0)
FN:19,(anonymous_1)
FN:56,(anonymous_2)
FN:67,(anonymous_3)
FN:71,(anonymous_4)
FN:88,(anonymous_5)
FN:109,(anonymous_6)
FN:167,(anonymous_7)
FN:258,(anonymous_8)
FN:316,(anonymous_9)
FN:402,(anonymous_10)
FN:454,(anonymous_11)
FN:522,(anonymous_12)
FN:601,(anonymous_13)
FNF:14
FNH:0
FNDA:0,(anonymous_0)
FNDA:0,(anonymous_1)
FNDA:0,(anonymous_2)
FNDA:0,(anonymous_3)
FNDA:0,(anonymous_4)
FNDA:0,(anonymous_5)
FNDA:0,(anonymous_6)
FNDA:0,(anonymous_7)
FNDA:0,(anonymous_8)
FNDA:0,(anonymous_9)
FNDA:0,(anonymous_10)
FNDA:0,(anonymous_11)
FNDA:0,(anonymous_12)
FNDA:0,(anonymous_13)
DA:1,2
DA:2,2
DA:8,2
DA:9,0
DA:14,0
DA:15,0
DA:16,0
DA:19,2
DA:20,0
DA:25,0
DA:26,0
DA:31,0
DA:32,0
DA:37,0
DA:38,0
DA:44,0
DA:56,2
DA:57,0
DA:58,0
DA:59,0
DA:60,0
DA:61,0
DA:62,0
DA:63,0
DA:67,2
DA:68,0
DA:70,0
DA:71,0
DA:75,0
DA:78,0
DA:79,0
DA:81,0
DA:84,0
DA:88,2
DA:89,0
DA:91,0
DA:95,0
DA:97,0
DA:99,0
DA:102,0
DA:105,0
DA:106,0
DA:109,2
DA:110,0
DA:111,0
DA:113,0
DA:115,0
DA:117,0
DA:118,0
DA:121,0
DA:122,0
DA:123,0
DA:126,0
DA:127,0
DA:128,0
DA:129,0
DA:130,0
DA:134,0
DA:135,0
DA:136,0
DA:137,0
DA:138,0
DA:142,0
DA:144,0
DA:145,0
DA:146,0
DA:150,0
DA:151,0
DA:152,0
DA:155,0
DA:156,0
DA:167,2
DA:168,0
DA:169,0
DA:170,0
DA:171,0
DA:177,0
DA:180,0
DA:181,0
DA:182,0
DA:183,0
DA:194,0
DA:197,0
DA:198,0
DA:199,0
DA:202,0
DA:203,0
DA:204,0
DA:207,0
DA:208,0
DA:209,0
DA:213,0
DA:218,0
DA:219,0
DA:220,0
DA:224,0
DA:225,0
DA:226,0
DA:227,0
DA:231,0
DA:236,0
DA:237,0
DA:238,0
DA:242,0
DA:245,0
DA:247,0
DA:250,0
DA:251,0
DA:253,0
DA:254,0
DA:255,0
DA:258,0
DA:259,0
DA:264,0
DA:265,0
DA:266,0
DA:270,0
DA:284,0
DA:285,0
DA:286,0
DA:287,0
DA:290,0
DA:292,0
DA:294,0
DA:296,0
DA:297,0
DA:304,0
DA:305,0
DA:306,0
DA:308,0
DA:316,2
DA:317,0
DA:318,0
DA:319,0
DA:321,0
DA:322,0
DA:328,0
DA:329,0
DA:330,0
DA:331,0
DA:332,0
DA:334,0
DA:337,0
DA:339,0
DA:345,0
DA:346,0
DA:348,0
DA:362,0
DA:364,0
DA:365,0
DA:382,0
DA:384,0
DA:393,0
DA:394,0
DA:402,2
DA:403,0
DA:404,0
DA:405,0
DA:406,0
DA:408,0
DA:410,0
DA:423,0
DA:426,0
DA:427,0
DA:428,0
DA:431,0
DA:433,0
DA:434,0
DA:435,0
DA:438,0
DA:439,0
DA:445,0
DA:446,0
DA:454,2
DA:455,0
DA:456,0
DA:457,0
DA:458,0
DA:459,0
DA:460,0
DA:462,0
DA:464,0
DA:467,0
DA:468,0
DA:470,0
DA:471,0
DA:472,0
DA:475,0
DA:477,0
DA:478,0
DA:479,0
DA:480,0
DA:483,0
DA:486,0
DA:487,0
DA:488,0
DA:489,0
DA:490,0
DA:492,0
DA:493,0
DA:494,0
DA:499,0
DA:500,0
DA:501,0
DA:505,0
DA:506,0
DA:507,0
DA:508,0
DA:513,0
DA:514,0
DA:515,0
DA:519,0
DA:522,0
DA:523,0
DA:524,0
DA:525,0
DA:528,0
DA:529,0
DA:530,0
DA:531,0
DA:532,0
DA:533,0
DA:534,0
DA:537,0
DA:539,0
DA:542,0
DA:543,0
DA:544,0
DA:545,0
DA:548,0
DA:550,0
DA:551,0
DA:552,0
DA:556,0
DA:569,0
DA:570,0
DA:571,0
DA:572,0
DA:575,0
DA:577,0
DA:579,0
DA:581,0
DA:582,0
DA:589,0
DA:590,0
DA:591,0
DA:593,0
DA:601,2
DA:602,0
DA:603,0
DA:604,0
DA:605,0
DA:607,0
DA:610,0
DA:611,0
DA:613,0
DA:614,0
DA:615,0
DA:618,0
DA:620,0
DA:621,0
DA:622,0
DA:625,0
DA:626,0
DA:629,0
DA:630,0
DA:634,2
LF:267
LH:14
BRDA:8,0,0,0
BRDA:8,1,0,0
BRDA:14,2,0,0
BRDA:14,2,1,0
BRDA:15,3,0,0
BRDA:15,3,1,0
BRDA:19,4,0,0
BRDA:19,5,0,0
BRDA:22,6,0,0
BRDA:22,6,1,0
BRDA:22,7,0,0
BRDA:22,7,1,0
BRDA:22,7,2,0
BRDA:25,8,0,0
BRDA:25,8,1,0
BRDA:25,9,0,0
BRDA:25,9,1,0
BRDA:31,10,0,0
BRDA:31,10,1,0
BRDA:31,11,0,0
BRDA:31,11,1,0
BRDA:37,12,0,0
BRDA:37,12,1,0
BRDA:37,13,0,0
BRDA:37,13,1,0
BRDA:50,14,0,0
BRDA:50,14,1,0
BRDA:57,15,0,0
BRDA:57,15,1,0
BRDA:59,16,0,0
BRDA:59,16,1,0
BRDA:68,17,0,0
BRDA:68,17,1,0
BRDA:70,18,0,0
BRDA:70,18,1,0
BRDA:78,19,0,0
BRDA:78,19,1,0
BRDA:89,20,0,0
BRDA:89,20,1,0
BRDA:97,21,0,0
BRDA:97,21,1,0
BRDA:97,22,0,0
BRDA:97,22,1,0
BRDA:115,23,0,0
BRDA:115,23,1,0
BRDA:121,24,0,0
BRDA:121,24,1,0
BRDA:126,25,0,0
BRDA:126,25,1,0
BRDA:128,26,0,0
BRDA:128,26,1,0
BRDA:134,27,0,0
BRDA:134,27,1,0
BRDA:136,28,0,0
BRDA:136,28,1,0
BRDA:142,29,0,0
BRDA:142,29,1,0
BRDA:150,30,0,0
BRDA:150,30,1,0
BRDA:150,31,0,0
BRDA:150,31,1,0
BRDA:155,32,0,0
BRDA:155,32,1,0
BRDA:181,33,0,0
BRDA:181,33,1,0
BRDA:188,34,0,0
BRDA:189,35,0,0
BRDA:190,36,0,0
BRDA:192,37,0,0
BRDA:193,38,0,0
BRDA:194,39,0,0
BRDA:194,39,1,0
BRDA:197,40,0,0
BRDA:197,40,1,0
BRDA:202,41,0,0
BRDA:202,41,1,0
BRDA:207,42,0,0
BRDA:207,42,1,0
BRDA:218,43,0,0
BRDA:218,43,1,0
BRDA:225,44,0,0
BRDA:225,44,1,0
BRDA:225,45,0,0
BRDA:225,45,1,0
BRDA:236,46,0,0
BRDA:236,46,1,0
BRDA:245,47,0,0
BRDA:245,47,1,0
BRDA:247,48,0,0
BRDA:247,48,1,0
BRDA:251,49,0,0
BRDA:251,49,1,0
BRDA:251,50,0,0
BRDA:251,50,1,0
BRDA:253,51,0,0
BRDA:253,51,1,0
BRDA:264,52,0,0
BRDA:264,52,1,0
BRDA:264,53,0,0
BRDA:264,53,1,0
BRDA:285,54,0,0
BRDA:285,54,1,0
BRDA:294,55,0,0
BRDA:294,55,1,0
BRDA:294,56,0,0
BRDA:294,56,1,0
BRDA:328,57,0,0
BRDA:328,57,1,0
BRDA:329,58,0,0
BRDA:329,58,1,0
BRDA:346,59,0,0
BRDA:346,59,1,0
BRDA:346,60,0,0
BRDA:346,60,1,0
BRDA:346,60,2,0
BRDA:382,61,0,0
BRDA:382,61,1,0
BRDA:382,62,0,0
BRDA:382,62,1,0
BRDA:387,63,0,0
BRDA:387,63,1,0
BRDA:388,64,0,0
BRDA:388,64,1,0
BRDA:426,65,0,0
BRDA:426,65,1,0
BRDA:433,66,0,0
BRDA:433,66,1,0
BRDA:433,67,0,0
BRDA:433,67,1,0
BRDA:470,68,0,0
BRDA:470,68,1,0
BRDA:477,69,0,0
BRDA:477,69,1,0
BRDA:477,70,0,0
BRDA:477,70,1,0
BRDA:486,71,0,0
BRDA:486,71,1,0
BRDA:486,72,0,0
BRDA:486,72,1,0
BRDA:488,73,0,0
BRDA:488,73,1,0
BRDA:488,74,0,0
BRDA:488,74,1,0
BRDA:492,75,0,0
BRDA:492,75,1,0
BRDA:499,76,0,0
BRDA:499,76,1,0
BRDA:505,77,0,0
BRDA:505,77,1,0
BRDA:505,78,0,0
BRDA:505,78,1,0
BRDA:507,79,0,0
BRDA:507,79,1,0
BRDA:507,80,0,0
BRDA:507,80,1,0
BRDA:513,81,0,0
BRDA:513,81,1,0
BRDA:515,82,0,0
BRDA:515,82,1,0
BRDA:523,83,0,0
BRDA:523,83,1,0
BRDA:532,84,0,0
BRDA:532,84,1,0
BRDA:534,85,0,0
BRDA:534,85,1,0
BRDA:543,86,0,0
BRDA:543,86,1,0
BRDA:550,87,0,0
BRDA:550,87,1,0
BRDA:570,88,0,0
BRDA:570,88,1,0
BRDA:579,89,0,0
BRDA:579,89,1,0
BRDA:579,90,0,0
BRDA:579,90,1,0
BRDA:613,91,0,0
BRDA:613,91,1,0
BRDA:620,92,0,0
BRDA:620,92,1,0
BRF:179
BRH:0
end_of_record
TN:
SF:controllers\campaignTypeController.js
FN:7,(anonymous_0)
FN:18,(anonymous_1)
FN:60,(anonymous_2)
FN:65,(anonymous_3)
FN:94,(anonymous_4)
FN:146,(anonymous_5)
FN:201,(anonymous_6)
FN:234,(anonymous_7)
FN:258,(anonymous_8)
FN:313,(anonymous_9)
FNF:10
FNH:0
FNDA:0,(anonymous_0)
FNDA:0,(anonymous_1)
FNDA:0,(anonymous_2)
FNDA:0,(anonymous_3)
FNDA:0,(anonymous_4)
FNDA:0,(anonymous_5)
FNDA:0,(anonymous_6)
FNDA:0,(anonymous_7)
FNDA:0,(anonymous_8)
FNDA:0,(anonymous_9)
DA:1,2
DA:7,2
DA:8,0
DA:13,0
DA:14,0
DA:15,0
DA:18,2
DA:19,0
DA:21,0
DA:22,0
DA:28,0
DA:29,0
DA:35,0
DA:36,0
DA:42,0
DA:43,0
DA:49,0
DA:60,2
DA:61,0
DA:62,0
DA:65,2
DA:66,0
DA:67,0
DA:69,0
DA:70,0
DA:71,0
DA:72,0
DA:75,0
DA:76,0
DA:77,0
DA:80,0
DA:81,0
DA:85,2
DA:94,2
DA:96,0
DA:97,0
DA:98,0
DA:99,0
DA:100,0
DA:102,0
DA:103,0
DA:106,0
DA:107,0
DA:109,0
DA:115,0
DA:116,0
DA:117,0
DA:120,0
DA:127,0
DA:130,0
DA:131,0
DA:135,0
DA:136,0
DA:137,0
DA:139,0
DA:146,2
DA:147,0
DA:148,0
DA:149,0
DA:150,0
DA:151,0
DA:152,0
DA:153,0
DA:155,0
DA:157,0
DA:162,0
DA:164,0
DA:173,0
DA:174,0
DA:189,0
DA:193,0
DA:194,0
DA:201,2
DA:202,0
DA:203,0
DA:204,0
DA:205,0
DA:206,0
DA:209,0
DA:216,0
DA:217,0
DA:221,0
DA:222,0
DA:226,0
DA:227,0
DA:234,2
DA:236,0
DA:237,0
DA:238,0
DA:239,0
DA:240,0
DA:243,0
DA:244,0
DA:246,0
DA:247,0
DA:248,0
DA:249,0
DA:251,0
DA:252,0
DA:254,0
DA:255,0
DA:258,0
DA:259,0
DA:260,0
DA:263,0
DA:264,0
DA:266,0
DA:270,0
DA:271,0
DA:272,0
DA:275,0
DA:276,0
DA:277,0
DA:278,0
DA:279,0
DA:281,0
DA:282,0
DA:284,0
DA:289,0
DA:295,0
DA:297,0
DA:298,0
DA:302,0
DA:303,0
DA:304,0
DA:306,0
DA:313,2
DA:315,0
DA:316,0
DA:317,0
DA:318,0
DA:319,0
DA:322,0
DA:323,0
DA:325,0
DA:329,0
DA:330,0
DA:331,0
DA:335,0
DA:337,0
DA:338,0
DA:339,0
DA:348,0
DA:352,0
DA:353,0
DA:354,0
DA:357,0
DA:359,0
DA:367,0
DA:368,0
DA:369,0
DA:371,0
DA:379,2
LF:153
LH:12
BRDA:7,0,0,0
BRDA:7,1,0,0
BRDA:13,2,0,0
BRDA:13,2,1,0
BRDA:14,3,0,0
BRDA:14,3,1,0
BRDA:18,4,0,0
BRDA:21,5,0,0
BRDA:21,5,1,0
BRDA:21,6,0,0
BRDA:21,6,1,0
BRDA:28,7,0,0
BRDA:28,7,1,0
BRDA:28,8,0,0
BRDA:28,8,1,0
BRDA:35,9,0,0
BRDA:35,9,1,0
BRDA:35,10,0,0
BRDA:35,10,1,0
BRDA:42,11,0,0
BRDA:42,11,1,0
BRDA:42,12,0,0
BRDA:42,12,1,0
BRDA:55,13,0,0
BRDA:55,13,1,0
BRDA:60,14,0,0
BRDA:61,15,0,0
BRDA:61,15,1,0
BRDA:61,16,0,0
BRDA:61,16,1,0
BRDA:62,17,0,0
BRDA:62,17,1,0
BRDA:69,18,0,0
BRDA:69,18,1,0
BRDA:75,19,0,0
BRDA:75,19,1,0
BRDA:75,20,0,0
BRDA:75,20,1,0
BRDA:77,21,0,0
BRDA:77,21,1,0
BRDA:80,22,0,0
BRDA:80,22,1,0
BRDA:97,23,0,0
BRDA:97,23,1,0
BRDA:97,23,2,0
BRDA:98,24,0,0
BRDA:98,24,1,0
BRDA:99,25,0,0
BRDA:99,25,1,0
BRDA:102,26,0,0
BRDA:102,26,1,0
BRDA:115,27,0,0
BRDA:115,27,1,0
BRDA:130,28,0,0
BRDA:130,28,1,0
BRDA:130,29,0,0
BRDA:130,29,1,0
BRDA:135,30,0,0
BRDA:135,30,1,0
BRDA:139,31,0,0
BRDA:139,31,1,0
BRDA:148,32,0,0
BRDA:148,32,1,0
BRDA:148,32,2,0
BRDA:149,33,0,0
BRDA:149,33,1,0
BRDA:150,34,0,0
BRDA:150,34,1,0
BRDA:151,35,0,0
BRDA:151,35,1,0
BRDA:151,36,0,0
BRDA:151,36,1,0
BRDA:152,37,0,0
BRDA:152,37,1,0
BRDA:162,38,0,0
BRDA:162,38,1,0
BRDA:162,38,2,0
BRDA:162,38,3,0
BRDA:184,39,0,0
BRDA:184,39,1,0
BRDA:203,40,0,0
BRDA:203,40,1,0
BRDA:203,40,2,0
BRDA:205,41,0,0
BRDA:205,41,1,0
BRDA:205,42,0,0
BRDA:205,42,1,0
BRDA:205,42,2,0
BRDA:216,43,0,0
BRDA:216,43,1,0
BRDA:216,44,0,0
BRDA:216,44,1,0
BRDA:221,45,0,0
BRDA:221,45,1,0
BRDA:221,46,0,0
BRDA:221,46,1,0
BRDA:237,47,0,0
BRDA:237,47,1,0
BRDA:237,47,2,0
BRDA:239,48,0,0
BRDA:239,48,1,0
BRDA:239,49,0,0
BRDA:239,49,1,0
BRDA:239,49,2,0
BRDA:243,50,0,0
BRDA:243,50,1,0
BRDA:243,50,2,0
BRDA:246,51,0,0
BRDA:246,51,1,0
BRDA:247,52,0,0
BRDA:247,52,1,0
BRDA:248,53,0,0
BRDA:248,53,1,0
BRDA:251,54,0,0
BRDA:251,54,1,0
BRDA:252,55,0,0
BRDA:252,55,1,0
BRDA:254,56,0,0
BRDA:254,56,1,0
BRDA:259,57,0,0
BRDA:259,57,1,0
BRDA:270,58,0,0
BRDA:270,58,1,0
BRDA:270,59,0,0
BRDA:270,59,1,0
BRDA:297,60,0,0
BRDA:297,60,1,0
BRDA:297,61,0,0
BRDA:297,61,1,0
BRDA:302,62,0,0
BRDA:302,62,1,0
BRDA:306,63,0,0
BRDA:306,63,1,0
BRDA:316,64,0,0
BRDA:316,64,1,0
BRDA:316,64,2,0
BRDA:318,65,0,0
BRDA:318,65,1,0
BRDA:318,66,0,0
BRDA:318,66,1,0
BRDA:318,66,2,0
BRDA:329,67,0,0
BRDA:329,67,1,0
BRDA:329,68,0,0
BRDA:329,68,1,0
BRDA:337,69,0,0
BRDA:337,69,1,0
BRDA:352,70,0,0
BRDA:352,70,1,0
BRDA:352,71,0,0
BRDA:352,71,1,0
BRDA:367,72,0,0
BRDA:367,72,1,0
BRDA:371,73,0,0
BRDA:371,73,1,0
BRF:155
BRH:0
end_of_record
TN:
SF:controllers\campaignTypeController_masterdata.js
FN:7,(anonymous_0)
FN:18,(anonymous_1)
FN:46,(anonymous_2)
FN:52,(anonymous_3)
FN:64,(anonymous_4)
FN:85,(anonymous_5)
FN:114,(anonymous_6)
FN:179,(anonymous_7)
FN:240,(anonymous_8)
FN:273,(anonymous_9)
FN:313,(anonymous_10)
FN:370,(anonymous_11)
FNF:12
FNH:0
FNDA:0,(anonymous_0)
FNDA:0,(anonymous_1)
FNDA:0,(anonymous_2)
FNDA:0,(anonymous_3)
FNDA:0,(anonymous_4)
FNDA:0,(anonymous_5)
FNDA:0,(anonymous_6)
FNDA:0,(anonymous_7)
FNDA:0,(anonymous_8)
FNDA:0,(anonymous_9)
FNDA:0,(anonymous_10)
FNDA:0,(anonymous_11)
DA:1,0
DA:7,0
DA:8,0
DA:13,0
DA:14,0
DA:15,0
DA:18,0
DA:19,0
DA:21,0
DA:22,0
DA:28,0
DA:29,0
DA:35,0
DA:46,0
DA:47,0
DA:48,0
DA:52,0
DA:53,0
DA:54,0
DA:57,0
DA:58,0
DA:61,0
DA:64,0
DA:65,0
DA:66,0
DA:68,0
DA:69,0
DA:70,0
DA:71,0
DA:76,0
DA:77,0
DA:78,0
DA:81,0
DA:82,0
DA:85,0
DA:87,0
DA:88,0
DA:90,0
DA:91,0
DA:93,0
DA:94,0
DA:97,0
DA:98,0
DA:101,0
DA:105,0
DA:114,0
DA:116,0
DA:118,0
DA:119,0
DA:122,0
DA:123,0
DA:124,0
DA:125,0
DA:127,0
DA:128,0
DA:132,0
DA:136,0
DA:137,0
DA:140,0
DA:141,0
DA:143,0
DA:149,0
DA:150,0
DA:151,0
DA:154,0
DA:161,0
DA:163,0
DA:164,0
DA:168,0
DA:169,0
DA:170,0
DA:172,0
DA:179,0
DA:180,0
DA:181,0
DA:182,0
DA:183,0
DA:184,0
DA:185,0
DA:186,0
DA:187,0
DA:188,0
DA:190,0
DA:191,0
DA:193,0
DA:197,0
DA:199,0
DA:208,0
DA:209,0
DA:228,0
DA:232,0
DA:233,0
DA:240,0
DA:241,0
DA:242,0
DA:243,0
DA:244,0
DA:245,0
DA:248,0
DA:255,0
DA:256,0
DA:260,0
DA:261,0
DA:265,0
DA:266,0
DA:273,0
DA:275,0
DA:277,0
DA:278,0
DA:281,0
DA:282,0
DA:283,0
DA:284,0
DA:288,0
DA:292,0
DA:293,0
DA:296,0
DA:298,0
DA:299,0
DA:301,0
DA:302,0
DA:303,0
DA:304,0
DA:306,0
DA:307,0
DA:309,0
DA:310,0
DA:313,0
DA:314,0
DA:315,0
DA:319,0
DA:320,0
DA:324,0
DA:325,0
DA:329,0
DA:330,0
DA:332,0
DA:333,0
DA:334,0
DA:335,0
DA:336,0
DA:338,0
DA:339,0
DA:341,0
DA:346,0
DA:352,0
DA:354,0
DA:355,0
DA:359,0
DA:360,0
DA:361,0
DA:363,0
DA:370,0
DA:372,0
DA:374,0
DA:375,0
DA:378,0
DA:379,0
DA:380,0
DA:381,0
DA:384,0
DA:385,0
DA:387,0
DA:391,0
DA:392,0
DA:393,0
DA:396,0
DA:398,0
DA:399,0
DA:400,0
DA:409,0
DA:413,0
DA:414,0
DA:415,0
DA:418,0
DA:420,0
DA:428,0
DA:429,0
DA:430,0
DA:432,0
DA:440,0
LF:181
LH:0
BRDA:7,0,0,0
BRDA:7,1,0,0
BRDA:13,2,0,0
BRDA:13,2,1,0
BRDA:14,3,0,0
BRDA:14,3,1,0
BRDA:18,4,0,0
BRDA:21,5,0,0
BRDA:21,5,1,0
BRDA:21,6,0,0
BRDA:21,6,1,0
BRDA:28,7,0,0
BRDA:28,7,1,0
BRDA:28,8,0,0
BRDA:28,8,1,0
BRDA:41,9,0,0
BRDA:41,9,1,0
BRDA:46,10,0,0
BRDA:47,11,0,0
BRDA:47,11,1,0
BRDA:47,12,0,0
BRDA:47,12,1,0
BRDA:48,13,0,0
BRDA:48,13,1,0
BRDA:54,14,0,0
BRDA:54,14,1,0
BRDA:57,15,0,0
BRDA:57,15,1,0
BRDA:57,16,0,0
BRDA:57,16,1,0
BRDA:57,16,2,0
BRDA:57,16,3,0
BRDA:68,17,0,0
BRDA:68,17,1,0
BRDA:76,18,0,0
BRDA:76,18,1,0
BRDA:76,19,0,0
BRDA:76,19,1,0
BRDA:78,20,0,0
BRDA:78,20,1,0
BRDA:81,21,0,0
BRDA:81,21,1,0
BRDA:93,22,0,0
BRDA:93,22,1,0
BRDA:93,23,0,0
BRDA:93,23,1,0
BRDA:97,24,0,0
BRDA:97,24,1,0
BRDA:97,25,0,0
BRDA:97,25,1,0
BRDA:118,26,0,0
BRDA:118,26,1,0
BRDA:122,27,0,0
BRDA:122,27,1,0
BRDA:122,27,2,0
BRDA:123,28,0,0
BRDA:123,28,1,0
BRDA:124,29,0,0
BRDA:124,29,1,0
BRDA:127,30,0,0
BRDA:127,30,1,0
BRDA:136,31,0,0
BRDA:136,31,1,0
BRDA:136,32,0,0
BRDA:136,32,1,0
BRDA:149,33,0,0
BRDA:149,33,1,0
BRDA:163,34,0,0
BRDA:163,34,1,0
BRDA:163,35,0,0
BRDA:163,35,1,0
BRDA:168,36,0,0
BRDA:168,36,1,0
BRDA:172,37,0,0
BRDA:172,37,1,0
BRDA:181,38,0,0
BRDA:181,38,1,0
BRDA:181,38,2,0
BRDA:182,39,0,0
BRDA:182,39,1,0
BRDA:183,40,0,0
BRDA:183,40,1,0
BRDA:184,41,0,0
BRDA:184,41,1,0
BRDA:184,42,0,0
BRDA:184,42,1,0
BRDA:185,43,0,0
BRDA:185,43,1,0
BRDA:186,44,0,0
BRDA:186,44,1,0
BRDA:187,45,0,0
BRDA:187,45,1,0
BRDA:197,46,0,0
BRDA:197,46,1,0
BRDA:197,46,2,0
BRDA:197,46,3,0
BRDA:219,47,0,0
BRDA:219,47,1,0
BRDA:242,48,0,0
BRDA:242,48,1,0
BRDA:242,48,2,0
BRDA:244,49,0,0
BRDA:244,49,1,0
BRDA:244,50,0,0
BRDA:244,50,1,0
BRDA:244,50,2,0
BRDA:255,51,0,0
BRDA:255,51,1,0
BRDA:255,52,0,0
BRDA:255,52,1,0
BRDA:277,53,0,0
BRDA:277,53,1,0
BRDA:281,54,0,0
BRDA:281,54,1,0
BRDA:281,54,2,0
BRDA:283,55,0,0
BRDA:283,55,1,0
BRDA:283,56,0,0
BRDA:283,56,1,0
BRDA:283,56,2,0
BRDA:292,57,0,0
BRDA:292,57,1,0
BRDA:292,58,0,0
BRDA:292,58,1,0
BRDA:298,59,0,0
BRDA:298,59,1,0
BRDA:298,59,2,0
BRDA:301,60,0,0
BRDA:301,60,1,0
BRDA:302,61,0,0
BRDA:302,61,1,0
BRDA:303,62,0,0
BRDA:303,62,1,0
BRDA:306,63,0,0
BRDA:306,63,1,0
BRDA:307,64,0,0
BRDA:307,64,1,0
BRDA:309,65,0,0
BRDA:309,65,1,0
BRDA:314,66,0,0
BRDA:314,66,1,0
BRDA:319,67,0,0
BRDA:319,67,1,0
BRDA:319,68,0,0
BRDA:319,68,1,0
BRDA:324,69,0,0
BRDA:324,69,1,0
BRDA:324,70,0,0
BRDA:324,70,1,0
BRDA:354,71,0,0
BRDA:354,71,1,0
BRDA:354,72,0,0
BRDA:354,72,1,0
BRDA:359,73,0,0
BRDA:359,73,1,0
BRDA:363,74,0,0
BRDA:363,74,1,0
BRDA:374,75,0,0
BRDA:374,75,1,0
BRDA:378,76,0,0
BRDA:378,76,1,0
BRDA:378,76,2,0
BRDA:380,77,0,0
BRDA:380,77,1,0
BRDA:380,78,0,0
BRDA:380,78,1,0
BRDA:380,78,2,0
BRDA:391,79,0,0
BRDA:391,79,1,0
BRDA:391,80,0,0
BRDA:391,80,1,0
BRDA:398,81,0,0
BRDA:398,81,1,0
BRDA:413,82,0,0
BRDA:413,82,1,0
BRDA:413,83,0,0
BRDA:413,83,1,0
BRDA:428,84,0,0
BRDA:428,84,1,0
BRDA:432,85,0,0
BRDA:432,85,1,0
BRF:181
BRH:0
end_of_record
TN:
SF:controllers\campaignTypeController_privacy.js
FN:7,(anonymous_0)
FN:18,(anonymous_1)
FN:47,(anonymous_2)
FN:60,(anonymous_3)
FN:65,(anonymous_4)
FN:101,(anonymous_5)
FN:167,(anonymous_6)
FN:221,(anonymous_7)
FN:259,(anonymous_8)
FN:299,(anonymous_9)
FN:362,(anonymous_10)
FNF:11
FNH:0
FNDA:0,(anonymous_0)
FNDA:0,(anonymous_1)
FNDA:0,(anonymous_2)
FNDA:0,(anonymous_3)
FNDA:0,(anonymous_4)
FNDA:0,(anonymous_5)
FNDA:0,(anonymous_6)
FNDA:0,(anonymous_7)
FNDA:0,(anonymous_8)
FNDA:0,(anonymous_9)
FNDA:0,(anonymous_10)
DA:1,0
DA:7,0
DA:8,0
DA:13,0
DA:14,0
DA:15,0
DA:18,0
DA:19,0
DA:21,0
DA:22,0
DA:28,0
DA:29,0
DA:35,0
DA:47,0
DA:48,0
DA:49,0
DA:52,0
DA:53,0
DA:57,0
DA:60,0
DA:61,0
DA:62,0
DA:65,0
DA:66,0
DA:67,0
DA:70,0
DA:71,0
DA:72,0
DA:73,0
DA:76,0
DA:77,0
DA:78,0
DA:79,0
DA:82,0
DA:83,0
DA:84,0
DA:87,0
DA:88,0
DA:92,0
DA:101,0
DA:103,0
DA:104,0
DA:105,0
DA:106,0
DA:107,0
DA:109,0
DA:110,0
DA:114,0
DA:115,0
DA:117,0
DA:118,0
DA:119,0
DA:120,0
DA:123,0
DA:124,0
DA:125,0
DA:128,0
DA:129,0
DA:131,0
DA:137,0
DA:138,0
DA:139,0
DA:142,0
DA:149,0
DA:151,0
DA:152,0
DA:156,0
DA:157,0
DA:158,0
DA:160,0
DA:167,0
DA:168,0
DA:169,0
DA:170,0
DA:171,0
DA:172,0
DA:173,0
DA:174,0
DA:176,0
DA:178,0
DA:182,0
DA:184,0
DA:193,0
DA:194,0
DA:209,0
DA:213,0
DA:214,0
DA:221,0
DA:222,0
DA:223,0
DA:224,0
DA:225,0
DA:226,0
DA:229,0
DA:236,0
DA:237,0
DA:240,0
DA:243,0
DA:244,0
DA:247,0
DA:251,0
DA:252,0
DA:259,0
DA:261,0
DA:262,0
DA:263,0
DA:264,0
DA:265,0
DA:269,0
DA:273,0
DA:274,0
DA:277,0
DA:280,0
DA:281,0
DA:284,0
DA:285,0
DA:287,0
DA:288,0
DA:289,0
DA:290,0
DA:292,0
DA:293,0
DA:295,0
DA:296,0
DA:299,0
DA:300,0
DA:301,0
DA:305,0
DA:306,0
DA:307,0
DA:309,0
DA:310,0
DA:311,0
DA:312,0
DA:315,0
DA:316,0
DA:317,0
DA:321,0
DA:322,0
DA:324,0
DA:325,0
DA:326,0
DA:327,0
DA:328,0
DA:330,0
DA:331,0
DA:333,0
DA:338,0
DA:344,0
DA:346,0
DA:347,0
DA:351,0
DA:352,0
DA:353,0
DA:355,0
DA:362,0
DA:364,0
DA:365,0
DA:366,0
DA:367,0
DA:368,0
DA:371,0
DA:372,0
DA:374,0
DA:378,0
DA:379,0
DA:380,0
DA:383,0
DA:386,0
DA:387,0
DA:388,0
DA:391,0
DA:392,0
DA:393,0
DA:402,0
DA:406,0
DA:407,0
DA:408,0
DA:411,0
DA:413,0
DA:421,0
DA:422,0
DA:423,0
DA:425,0
DA:433,0
LF:185
LH:0
BRDA:7,0,0,0
BRDA:7,1,0,0
BRDA:13,2,0,0
BRDA:13,2,1,0
BRDA:14,3,0,0
BRDA:14,3,1,0
BRDA:18,4,0,0
BRDA:21,5,0,0
BRDA:21,5,1,0
BRDA:21,6,0,0
BRDA:21,6,1,0
BRDA:28,7,0,0
BRDA:28,7,1,0
BRDA:28,8,0,0
BRDA:28,8,1,0
BRDA:41,9,0,0
BRDA:41,9,1,0
BRDA:49,10,0,0
BRDA:49,10,1,0
BRDA:52,11,0,0
BRDA:52,11,1,0
BRDA:52,12,0,0
BRDA:52,12,1,0
BRDA:52,12,2,0
BRDA:52,12,3,0
BRDA:60,13,0,0
BRDA:61,14,0,0
BRDA:61,14,1,0
BRDA:61,15,0,0
BRDA:61,15,1,0
BRDA:62,16,0,0
BRDA:62,16,1,0
BRDA:70,17,0,0
BRDA:70,17,1,0
BRDA:70,17,2,0
BRDA:70,17,3,0
BRDA:71,18,0,0
BRDA:71,18,1,0
BRDA:76,19,0,0
BRDA:76,19,1,0
BRDA:82,20,0,0
BRDA:82,20,1,0
BRDA:82,21,0,0
BRDA:82,21,1,0
BRDA:84,22,0,0
BRDA:84,22,1,0
BRDA:87,23,0,0
BRDA:87,23,1,0
BRDA:104,24,0,0
BRDA:104,24,1,0
BRDA:104,24,2,0
BRDA:105,25,0,0
BRDA:105,25,1,0
BRDA:106,26,0,0
BRDA:106,26,1,0
BRDA:109,27,0,0
BRDA:109,27,1,0
BRDA:117,28,0,0
BRDA:117,28,1,0
BRDA:117,28,2,0
BRDA:117,28,3,0
BRDA:118,29,0,0
BRDA:118,29,1,0
BRDA:124,30,0,0
BRDA:124,30,1,0
BRDA:124,31,0,0
BRDA:124,31,1,0
BRDA:137,32,0,0
BRDA:137,32,1,0
BRDA:151,33,0,0
BRDA:151,33,1,0
BRDA:151,34,0,0
BRDA:151,34,1,0
BRDA:156,35,0,0
BRDA:156,35,1,0
BRDA:160,36,0,0
BRDA:160,36,1,0
BRDA:169,37,0,0
BRDA:169,37,1,0
BRDA:169,37,2,0
BRDA:170,38,0,0
BRDA:170,38,1,0
BRDA:171,39,0,0
BRDA:171,39,1,0
BRDA:172,40,0,0
BRDA:172,40,1,0
BRDA:172,41,0,0
BRDA:172,41,1,0
BRDA:173,42,0,0
BRDA:173,42,1,0
BRDA:182,43,0,0
BRDA:182,43,1,0
BRDA:182,43,2,0
BRDA:182,43,3,0
BRDA:204,44,0,0
BRDA:204,44,1,0
BRDA:223,45,0,0
BRDA:223,45,1,0
BRDA:223,45,2,0
BRDA:225,46,0,0
BRDA:225,46,1,0
BRDA:225,47,0,0
BRDA:225,47,1,0
BRDA:225,47,2,0
BRDA:236,48,0,0
BRDA:236,48,1,0
BRDA:236,49,0,0
BRDA:236,49,1,0
BRDA:243,50,0,0
BRDA:243,50,1,0
BRDA:262,51,0,0
BRDA:262,51,1,0
BRDA:262,51,2,0
BRDA:264,52,0,0
BRDA:264,52,1,0
BRDA:264,53,0,0
BRDA:264,53,1,0
BRDA:264,53,2,0
BRDA:273,54,0,0
BRDA:273,54,1,0
BRDA:273,55,0,0
BRDA:273,55,1,0
BRDA:280,56,0,0
BRDA:280,56,1,0
BRDA:284,57,0,0
BRDA:284,57,1,0
BRDA:284,57,2,0
BRDA:287,58,0,0
BRDA:287,58,1,0
BRDA:288,59,0,0
BRDA:288,59,1,0
BRDA:289,60,0,0
BRDA:289,60,1,0
BRDA:292,61,0,0
BRDA:292,61,1,0
BRDA:293,62,0,0
BRDA:293,62,1,0
BRDA:295,63,0,0
BRDA:295,63,1,0
BRDA:300,64,0,0
BRDA:300,64,1,0
BRDA:305,65,0,0
BRDA:305,65,1,0
BRDA:305,66,0,0
BRDA:305,66,1,0
BRDA:309,67,0,0
BRDA:309,67,1,0
BRDA:309,67,2,0
BRDA:309,67,3,0
BRDA:310,68,0,0
BRDA:310,68,1,0
BRDA:316,69,0,0
BRDA:316,69,1,0
BRDA:316,70,0,0
BRDA:316,70,1,0
BRDA:346,71,0,0
BRDA:346,71,1,0
BRDA:346,72,0,0
BRDA:346,72,1,0
BRDA:351,73,0,0
BRDA:351,73,1,0
BRDA:355,74,0,0
BRDA:355,74,1,0
BRDA:365,75,0,0
BRDA:365,75,1,0
BRDA:365,75,2,0
BRDA:367,76,0,0
BRDA:367,76,1,0
BRDA:367,77,0,0
BRDA:367,77,1,0
BRDA:367,77,2,0
BRDA:378,78,0,0
BRDA:378,78,1,0
BRDA:378,79,0,0
BRDA:378,79,1,0
BRDA:386,80,0,0
BRDA:386,80,1,0
BRDA:391,81,0,0
BRDA:391,81,1,0
BRDA:406,82,0,0
BRDA:406,82,1,0
BRDA:406,83,0,0
BRDA:406,83,1,0
BRDA:421,84,0,0
BRDA:421,84,1,0
BRDA:425,85,0,0
BRDA:425,85,1,0
BRF:187
BRH:0
end_of_record
TN:
SF:controllers\cardUsersController.js
FN:5,(anonymous_0)
FN:55,(anonymous_1)
FN:57,(anonymous_2)
FN:60,(anonymous_3)
FN:70,(anonymous_4)
FN:86,(anonymous_5)
FN:176,(anonymous_6)
FN:281,(anonymous_7)
FN:327,(anonymous_8)
FN:373,(anonymous_9)
FN:425,(anonymous_10)
FN:477,(anonymous_11)
FN:508,(anonymous_12)
FNF:13
FNH:0
FNDA:0,(anonymous_0)
FNDA:0,(anonymous_1)
FNDA:0,(anonymous_2)
FNDA:0,(anonymous_3)
FNDA:0,(anonymous_4)
FNDA:0,(anonymous_5)
FNDA:0,(anonymous_6)
FNDA:0,(anonymous_7)
FNDA:0,(anonymous_8)
FNDA:0,(anonymous_9)
FNDA:0,(anonymous_10)
FNDA:0,(anonymous_11)
FNDA:0,(anonymous_12)
DA:1,0
DA:2,0
DA:5,0
DA:13,0
DA:55,0
DA:56,0
DA:57,0
DA:60,0
DA:61,0
DA:62,0
DA:63,0
DA:64,0
DA:65,0
DA:66,0
DA:67,0
DA:70,0
DA:71,0
DA:72,0
DA:74,0
DA:76,0
DA:78,0
DA:80,0
DA:84,0
DA:87,0
DA:88,0
DA:89,0
DA:90,0
DA:93,0
DA:94,0
DA:97,0
DA:98,0
DA:99,0
DA:102,0
DA:103,0
DA:104,0
DA:107,0
DA:108,0
DA:109,0
DA:112,0
DA:113,0
DA:114,0
DA:117,0
DA:118,0
DA:121,0
DA:127,0
DA:128,0
DA:129,0
DA:130,0
DA:133,0
DA:134,0
DA:136,0
DA:163,0
DA:164,0
DA:166,0
DA:167,0
DA:168,0
DA:171,0
DA:177,0
DA:178,0
DA:179,0
DA:180,0
DA:182,0
DA:183,0
DA:185,0
DA:186,0
DA:187,0
DA:189,0
DA:196,0
DA:221,0
DA:222,0
DA:224,0
DA:225,0
DA:226,0
DA:228,0
DA:229,0
DA:230,0
DA:232,0
DA:233,0
DA:234,0
DA:236,0
DA:237,0
DA:238,0
DA:241,0
DA:242,0
DA:243,0
DA:244,0
DA:247,0
DA:249,0
DA:250,0
DA:252,0
DA:254,0
DA:255,0
DA:256,0
DA:258,0
DA:276,0
DA:282,0
DA:283,0
DA:284,0
DA:285,0
DA:287,0
DA:289,0
DA:316,0
DA:317,0
DA:320,0
DA:322,0
DA:328,0
DA:329,0
DA:330,0
DA:331,0
DA:333,0
DA:334,0
DA:335,0
DA:338,0
DA:339,0
DA:341,0
DA:342,0
DA:343,0
DA:345,0
DA:347,0
DA:348,0
DA:349,0
DA:353,0
DA:354,0
DA:355,0
DA:357,0
DA:358,0
DA:362,0
DA:364,0
DA:365,0
DA:366,0
DA:369,0
DA:370,0
DA:373,0
DA:374,0
DA:376,0
DA:377,0
DA:378,0
DA:379,0
DA:380,0
DA:383,0
DA:384,0
DA:386,0
DA:413,0
DA:415,0
DA:416,0
DA:417,0
DA:420,0
DA:426,0
DA:427,0
DA:428,0
DA:429,0
DA:431,0
DA:433,0
DA:446,0
DA:447,0
DA:449,0
DA:451,0
DA:452,0
DA:453,0
DA:455,0
DA:456,0
DA:457,0
DA:458,0
DA:459,0
DA:462,0
DA:463,0
DA:465,0
DA:467,0
DA:468,0
DA:469,0
DA:472,0
DA:478,0
DA:479,0
DA:480,0
DA:482,0
DA:501,0
DA:503,0
DA:509,0
DA:510,0
DA:511,0
DA:513,0
DA:531,0
DA:533,0
DA:538,0
LF:184
LH:0
BRDA:5,0,0,0
BRDA:5,1,0,0
BRDA:8,2,0,0
BRDA:8,2,1,0
BRDA:9,3,0,0
BRDA:9,3,1,0
BRDA:57,4,0,0
BRDA:57,4,1,0
BRDA:61,5,0,0
BRDA:61,5,1,0
BRDA:63,6,0,0
BRDA:63,6,1,0
BRDA:72,7,0,0
BRDA:72,7,1,0
BRDA:72,7,2,0
BRDA:72,7,3,0
BRDA:74,8,0,0
BRDA:74,8,1,0
BRDA:76,9,0,0
BRDA:76,9,1,0
BRDA:78,10,0,0
BRDA:78,10,1,0
BRDA:80,11,0,0
BRDA:80,11,1,0
BRDA:89,12,0,0
BRDA:89,12,1,0
BRDA:94,13,0,0
BRDA:94,13,1,0
BRDA:98,14,0,0
BRDA:98,14,1,0
BRDA:98,15,0,0
BRDA:98,15,1,0
BRDA:99,16,0,0
BRDA:99,16,1,0
BRDA:103,17,0,0
BRDA:103,17,1,0
BRDA:103,18,0,0
BRDA:103,18,1,0
BRDA:104,19,0,0
BRDA:104,19,1,0
BRDA:108,20,0,0
BRDA:108,20,1,0
BRDA:108,21,0,0
BRDA:108,21,1,0
BRDA:117,22,0,0
BRDA:117,22,1,0
BRDA:124,23,0,0
BRDA:124,23,1,0
BRDA:127,24,0,0
BRDA:127,24,1,0
BRDA:127,25,0,0
BRDA:127,25,1,0
BRDA:163,26,0,0
BRDA:163,26,1,0
BRDA:178,27,0,0
BRDA:178,27,1,0
BRDA:179,28,0,0
BRDA:179,28,1,0
BRDA:182,29,0,0
BRDA:182,29,1,0
BRDA:183,30,0,0
BRDA:183,30,1,0
BRDA:185,31,0,0
BRDA:185,31,1,0
BRDA:186,32,0,0
BRDA:186,32,1,0
BRDA:187,33,0,0
BRDA:187,33,1,0
BRDA:187,34,0,0
BRDA:187,34,1,0
BRDA:224,35,0,0
BRDA:224,35,1,0
BRDA:228,36,0,0
BRDA:228,36,1,0
BRDA:232,37,0,0
BRDA:232,37,1,0
BRDA:236,38,0,0
BRDA:236,38,1,0
BRDA:241,39,0,0
BRDA:241,39,1,0
BRDA:250,40,0,0
BRDA:250,40,1,0
BRDA:268,41,0,0
BRDA:268,41,1,0
BRDA:269,42,0,0
BRDA:269,42,1,0
BRDA:270,43,0,0
BRDA:270,43,1,0
BRDA:271,44,0,0
BRDA:271,44,1,0
BRDA:284,45,0,0
BRDA:284,45,1,0
BRDA:316,46,0,0
BRDA:316,46,1,0
BRDA:316,47,0,0
BRDA:316,47,1,0
BRDA:330,48,0,0
BRDA:330,48,1,0
BRDA:334,49,0,0
BRDA:334,49,1,0
BRDA:342,50,0,0
BRDA:342,50,1,0
BRDA:342,51,0,0
BRDA:342,51,1,0
BRDA:348,52,0,0
BRDA:348,52,1,0
BRDA:353,53,0,0
BRDA:353,53,1,0
BRDA:355,54,0,0
BRDA:355,54,1,0
BRDA:357,55,0,0
BRDA:357,55,1,0
BRDA:358,56,0,0
BRDA:358,56,1,0
BRDA:369,57,0,0
BRDA:369,57,1,0
BRDA:369,58,0,0
BRDA:369,58,1,0
BRDA:377,59,0,0
BRDA:377,59,1,0
BRDA:377,60,0,0
BRDA:377,60,1,0
BRDA:413,61,0,0
BRDA:413,61,1,0
BRDA:428,62,0,0
BRDA:428,62,1,0
BRDA:446,63,0,0
BRDA:446,63,1,0
BRDA:446,64,0,0
BRDA:446,64,1,0
BRDA:456,65,0,0
BRDA:456,65,1,0
BRDA:456,66,0,0
BRDA:456,66,1,0
BRDA:480,67,0,0
BRDA:480,67,1,0
BRDA:480,68,0,0
BRDA:480,68,1,0
BRDA:501,69,0,0
BRDA:501,69,1,0
BRDA:511,70,0,0
BRDA:511,70,1,0
BRDA:511,71,0,0
BRDA:511,71,1,0
BRDA:531,72,0,0
BRDA:531,72,1,0
BRF:146
BRH:0
end_of_record
TN:
SF:controllers\cardUsersController_privacy.js
FN:5,(anonymous_0)
FN:13,(anonymous_1)
FN:69,(anonymous_2)
FN:71,(anonymous_3)
FN:74,(anonymous_4)
FN:84,(anonymous_5)
FN:100,(anonymous_6)
FN:205,(anonymous_7)
FN:318,(anonymous_8)
FN:375,(anonymous_9)
FN:427,(anonymous_10)
FN:480,(anonymous_11)
FN:539,(anonymous_12)
FN:578,(anonymous_13)
FNF:14
FNH:0
FNDA:0,(anonymous_0)
FNDA:0,(anonymous_1)
FNDA:0,(anonymous_2)
FNDA:0,(anonymous_3)
FNDA:0,(anonymous_4)
FNDA:0,(anonymous_5)
FNDA:0,(anonymous_6)
FNDA:0,(anonymous_7)
FNDA:0,(anonymous_8)
FNDA:0,(anonymous_9)
FNDA:0,(anonymous_10)
FNDA:0,(anonymous_11)
FNDA:0,(anonymous_12)
FNDA:0,(anonymous_13)
DA:1,2
DA:2,2
DA:5,2
DA:13,2
DA:14,0
DA:15,0
DA:18,0
DA:19,0
DA:23,0
DA:27,2
DA:69,2
DA:70,0
DA:71,0
DA:74,2
DA:75,0
DA:76,0
DA:77,0
DA:78,0
DA:79,0
DA:80,0
DA:81,0
DA:84,2
DA:85,0
DA:86,0
DA:88,0
DA:90,0
DA:92,0
DA:94,0
DA:98,2
DA:101,0
DA:103,0
DA:104,0
DA:105,0
DA:108,0
DA:109,0
DA:110,0
DA:113,0
DA:114,0
DA:117,0
DA:118,0
DA:120,0
DA:121,0
DA:122,0
DA:130,0
DA:131,0
DA:132,0
DA:135,0
DA:136,0
DA:137,0
DA:140,0
DA:141,0
DA:142,0
DA:145,0
DA:146,0
DA:149,0
DA:155,0
DA:156,0
DA:157,0
DA:158,0
DA:161,0
DA:162,0
DA:164,0
DA:192,0
DA:193,0
DA:195,0
DA:196,0
DA:197,0
DA:200,0
DA:206,0
DA:207,0
DA:208,0
DA:209,0
DA:211,0
DA:212,0
DA:214,0
DA:215,0
DA:216,0
DA:218,0
DA:225,0
DA:251,0
DA:252,0
DA:255,0
DA:256,0
DA:257,0
DA:258,0
DA:261,0
DA:262,0
DA:263,0
DA:265,0
DA:266,0
DA:267,0
DA:269,0
DA:270,0
DA:271,0
DA:273,0
DA:274,0
DA:275,0
DA:278,0
DA:279,0
DA:280,0
DA:281,0
DA:284,0
DA:286,0
DA:287,0
DA:289,0
DA:291,0
DA:292,0
DA:293,0
DA:295,0
DA:313,0
DA:319,0
DA:320,0
DA:321,0
DA:322,0
DA:324,0
DA:326,0
DA:354,0
DA:355,0
DA:358,0
DA:361,0
DA:362,0
DA:363,0
DA:364,0
DA:368,0
DA:370,0
DA:376,0
DA:378,0
DA:379,0
DA:380,0
DA:383,0
DA:384,0
DA:385,0
DA:387,0
DA:388,0
DA:389,0
DA:392,0
DA:393,0
DA:395,0
DA:396,0
DA:397,0
DA:399,0
DA:401,0
DA:402,0
DA:403,0
DA:407,0
DA:408,0
DA:409,0
DA:411,0
DA:412,0
DA:416,0
DA:418,0
DA:419,0
DA:420,0
DA:423,0
DA:424,0
DA:427,0
DA:428,0
DA:430,0
DA:431,0
DA:432,0
DA:433,0
DA:434,0
DA:437,0
DA:438,0
DA:440,0
DA:468,0
DA:470,0
DA:471,0
DA:472,0
DA:475,0
DA:481,0
DA:483,0
DA:484,0
DA:485,0
DA:488,0
DA:489,0
DA:490,0
DA:492,0
DA:494,0
DA:508,0
DA:509,0
DA:511,0
DA:513,0
DA:514,0
DA:515,0
DA:517,0
DA:518,0
DA:519,0
DA:520,0
DA:521,0
DA:524,0
DA:525,0
DA:527,0
DA:529,0
DA:530,0
DA:531,0
DA:534,0
DA:540,0
DA:541,0
DA:542,0
DA:545,0
DA:546,0
DA:547,0
DA:548,0
DA:552,0
DA:571,0
DA:573,0
DA:579,0
DA:580,0
DA:581,0
DA:584,0
DA:585,0
DA:586,0
DA:587,0
DA:588,0
DA:592,0
DA:610,0
DA:612,0
DA:617,2
LF:219
LH:10
BRDA:5,0,0,0
BRDA:5,1,0,0
BRDA:8,2,0,0
BRDA:8,2,1,0
BRDA:9,3,0,0
BRDA:9,3,1,0
BRDA:15,4,0,0
BRDA:15,4,1,0
BRDA:18,5,0,0
BRDA:18,5,1,0
BRDA:18,6,0,0
BRDA:18,6,1,0
BRDA:18,6,2,0
BRDA:18,6,3,0
BRDA:71,7,0,0
BRDA:71,7,1,0
BRDA:75,8,0,0
BRDA:75,8,1,0
BRDA:77,9,0,0
BRDA:77,9,1,0
BRDA:86,10,0,0
BRDA:86,10,1,0
BRDA:86,10,2,0
BRDA:86,10,3,0
BRDA:88,11,0,0
BRDA:88,11,1,0
BRDA:90,12,0,0
BRDA:90,12,1,0
BRDA:92,13,0,0
BRDA:92,13,1,0
BRDA:94,14,0,0
BRDA:94,14,1,0
BRDA:103,15,0,0
BRDA:103,15,1,0
BRDA:104,16,0,0
BRDA:104,16,1,0
BRDA:109,17,0,0
BRDA:109,17,1,0
BRDA:114,18,0,0
BRDA:114,18,1,0
BRDA:121,19,0,0
BRDA:121,19,1,0
BRDA:121,20,0,0
BRDA:121,20,1,0
BRDA:122,21,0,0
BRDA:122,21,1,0
BRDA:131,22,0,0
BRDA:131,22,1,0
BRDA:131,23,0,0
BRDA:131,23,1,0
BRDA:132,24,0,0
BRDA:132,24,1,0
BRDA:136,25,0,0
BRDA:136,25,1,0
BRDA:136,26,0,0
BRDA:136,26,1,0
BRDA:145,27,0,0
BRDA:145,27,1,0
BRDA:152,28,0,0
BRDA:152,28,1,0
BRDA:155,29,0,0
BRDA:155,29,1,0
BRDA:155,30,0,0
BRDA:155,30,1,0
BRDA:192,31,0,0
BRDA:192,31,1,0
BRDA:207,32,0,0
BRDA:207,32,1,0
BRDA:208,33,0,0
BRDA:208,33,1,0
BRDA:211,34,0,0
BRDA:211,34,1,0
BRDA:212,35,0,0
BRDA:212,35,1,0
BRDA:214,36,0,0
BRDA:214,36,1,0
BRDA:215,37,0,0
BRDA:215,37,1,0
BRDA:216,38,0,0
BRDA:216,38,1,0
BRDA:216,39,0,0
BRDA:216,39,1,0
BRDA:255,40,0,0
BRDA:255,40,1,0
BRDA:255,40,2,0
BRDA:255,40,3,0
BRDA:256,41,0,0
BRDA:256,41,1,0
BRDA:261,42,0,0
BRDA:261,42,1,0
BRDA:265,43,0,0
BRDA:265,43,1,0
BRDA:269,44,0,0
BRDA:269,44,1,0
BRDA:273,45,0,0
BRDA:273,45,1,0
BRDA:278,46,0,0
BRDA:278,46,1,0
BRDA:287,47,0,0
BRDA:287,47,1,0
BRDA:305,48,0,0
BRDA:305,48,1,0
BRDA:306,49,0,0
BRDA:306,49,1,0
BRDA:307,50,0,0
BRDA:307,50,1,0
BRDA:308,51,0,0
BRDA:308,51,1,0
BRDA:321,52,0,0
BRDA:321,52,1,0
BRDA:354,53,0,0
BRDA:354,53,1,0
BRDA:354,54,0,0
BRDA:354,54,1,0
BRDA:361,55,0,0
BRDA:361,55,1,0
BRDA:361,55,2,0
BRDA:361,55,3,0
BRDA:362,56,0,0
BRDA:362,56,1,0
BRDA:363,57,0,0
BRDA:363,57,1,0
BRDA:363,58,0,0
BRDA:363,58,1,0
BRDA:378,59,0,0
BRDA:378,59,1,0
BRDA:379,60,0,0
BRDA:379,60,1,0
BRDA:384,61,0,0
BRDA:384,61,1,0
BRDA:388,62,0,0
BRDA:388,62,1,0
BRDA:396,63,0,0
BRDA:396,63,1,0
BRDA:396,64,0,0
BRDA:396,64,1,0
BRDA:402,65,0,0
BRDA:402,65,1,0
BRDA:407,66,0,0
BRDA:407,66,1,0
BRDA:409,67,0,0
BRDA:409,67,1,0
BRDA:411,68,0,0
BRDA:411,68,1,0
BRDA:412,69,0,0
BRDA:412,69,1,0
BRDA:423,70,0,0
BRDA:423,70,1,0
BRDA:423,71,0,0
BRDA:423,71,1,0
BRDA:431,72,0,0
BRDA:431,72,1,0
BRDA:431,73,0,0
BRDA:431,73,1,0
BRDA:468,74,0,0
BRDA:468,74,1,0
BRDA:483,75,0,0
BRDA:483,75,1,0
BRDA:484,76,0,0
BRDA:484,76,1,0
BRDA:489,77,0,0
BRDA:489,77,1,0
BRDA:508,78,0,0
BRDA:508,78,1,0
BRDA:508,79,0,0
BRDA:508,79,1,0
BRDA:518,80,0,0
BRDA:518,80,1,0
BRDA:518,81,0,0
BRDA:518,81,1,0
BRDA:542,82,0,0
BRDA:542,82,1,0
BRDA:542,83,0,0
BRDA:542,83,1,0
BRDA:545,84,0,0
BRDA:545,84,1,0
BRDA:545,84,2,0
BRDA:545,84,3,0
BRDA:546,85,0,0
BRDA:546,85,1,0
BRDA:547,86,0,0
BRDA:547,86,1,0
BRDA:571,87,0,0
BRDA:571,87,1,0
BRDA:581,88,0,0
BRDA:581,88,1,0
BRDA:581,89,0,0
BRDA:581,89,1,0
BRDA:584,90,0,0
BRDA:584,90,1,0
BRDA:584,90,2,0
BRDA:584,90,3,0
BRDA:585,91,0,0
BRDA:585,91,1,0
BRDA:587,92,0,0
BRDA:587,92,1,0
BRDA:587,93,0,0
BRDA:587,93,1,0
BRDA:610,94,0,0
BRDA:610,94,1,0
BRF:200
BRH:0
[...]
FN:114,(anonymous_7)
FN:130,(anonymous_8)
FNF:9
FNH:0
FNDA:0,(anonymous_0)
FNDA:0,(anonymous_1)
FNDA:0,(anonymous_2)
FNDA:0,(anonymous_3)
FNDA:0,(anonymous_4)
FNDA:0,(anonymous_5)
FNDA:0,(anonymous_6)
FNDA:0,(anonymous_7)
FNDA:0,(anonymous_8)
DA:1,0
DA:2,0
DA:14,0
DA:15,0
DA:17,0
DA:18,0
DA:19,0
DA:22,0
DA:23,0
DA:24,0
DA:25,0
DA:27,0
DA:29,0
DA:32,0
DA:35,0
DA:36,0
DA:39,0
DA:40,0
DA:42,0
DA:43,0
DA:44,0
DA:45,0
DA:48,0
DA:49,0
DA:51,0
DA:52,0
DA:53,0
DA:54,0
DA:55,0
DA:58,0
DA:60,0
DA:61,0
DA:63,0
DA:64,0
DA:65,0
DA:66,0
DA:69,0
DA:70,0
DA:71,0
DA:72,0
DA:79,0
DA:80,0
DA:85,0
DA:86,0
DA:87,0
DA:88,0
DA:89,0
DA:90,0
DA:96,0
DA:97,0
DA:98,0
DA:99,0
DA:100,0
DA:101,0
DA:102,0
DA:103,0
DA:104,0
DA:107,0
DA:114,0
DA:115,0
DA:130,0
DA:131,0
DA:132,0
DA:134,0
DA:145,0
LF:65
LH:0
BRDA:25,0,0,0
BRDA:25,0,1,0
BRDA:25,1,0,0
BRDA:25,1,1,0
BRDA:39,2,0,0
BRDA:39,3,0,0
BRDA:45,4,0,0
BRDA:45,4,1,0
BRDA:52,5,0,0
BRDA:52,5,1,0
BRDA:60,6,0,0
BRDA:60,6,1,0
BRDA:60,6,2,0
BRDA:64,7,0,0
BRDA:64,7,1,0
BRDA:64,8,0,0
BRDA:64,8,1,0
BRDA:69,9,0,0
BRDA:69,9,1,0
BRDA:138,10,0,0
BRDA:138,10,1,0
BRF:21
BRH:0
end_of_record
TN:
SF:routes\cardsRoutes_privacy.js
FN:33,(anonymous_0)
FN:53,(anonymous_1)
FN:56,(anonymous_2)
FN:66,(anonymous_3)
FN:69,(anonymous_4)
FN:70,(anonymous_5)
FN:73,(anonymous_6)
FN:219,(anonymous_7)
FN:236,(anonymous_8)
FNF:9
FNH:1
FNDA:0,(anonymous_0)
FNDA:12,(anonymous_1)
FNDA:0,(anonymous_2)
FNDA:0,(anonymous_3)
FNDA:0,(anonymous_4)
FNDA:0,(anonymous_5)
FNDA:0,(anonymous_6)
FNDA:0,(anonymous_7)
FNDA:0,(anonymous_8)
DA:1,2
DA:2,2
DA:5,2
DA:8,2
DA:15,2
DA:26,2
DA:33,2
DA:34,0
DA:35,0
DA:36,0
DA:39,0
DA:40,0
DA:42,0
DA:43,0
DA:44,0
DA:45,0
DA:47,0
DA:50,2
DA:53,2
DA:54,12
DA:56,12
DA:57,0
DA:58,0
DA:59,0
DA:63,12
DA:64,12
DA:66,12
DA:67,12
DA:68,12
DA:69,12
DA:70,12
DA:73,12
DA:74,0
DA:75,0
DA:77,0
DA:78,0
DA:79,0
DA:80,0
DA:83,0
DA:84,0
DA:85,0
DA:86,0
DA:93,0
DA:94,0
DA:99,2
DA:100,2
DA:101,2
DA:102,2
DA:103,2
DA:104,2
DA:111,2
DA:114,2
DA:127,2
DA:141,2
DA:148,2
DA:159,2
DA:171,2
DA:183,2
DA:195,2
DA:207,2
DA:219,2
DA:220,0
DA:236,2
DA:237,0
DA:238,0
DA:240,0
DA:247,0
DA:249,0
DA:262,2
LF:69
LH:38
BRDA:35,0,0,0
BRDA:35,0,1,0
BRDA:39,1,0,0
BRDA:39,1,1,0
BRDA:39,2,0,0
BRDA:39,2,1,0
BRDA:42,3,0,0
BRDA:42,3,1,0
BRDA:43,4,0,0
BRDA:43,4,1,0
BRDA:44,5,0,0
BRDA:44,5,1,0
BRDA:53,6,0,0
BRDA:53,7,0,0
BRDA:59,8,0,0
BRDA:59,8,1,0
BRDA:67,9,0,12
BRDA:67,9,1,0
BRDA:74,10,0,0
BRDA:74,10,1,0
BRDA:78,11,0,0
BRDA:78,11,1,0
BRDA:78,12,0,0
BRDA:78,12,1,0
BRDA:83,13,0,0
BRDA:83,13,1,0
BRDA:238,14,0,0
BRDA:238,14,1,0
BRDA:249,15,0,0
BRDA:249,15,1,0
BRDA:251,16,0,0
BRDA:251,16,1,0
BRDA:255,17,0,0
BRDA:255,17,1,0
BRF:34
BRH:1
end_of_record
TN:
SF:routes\dashboardRoutes.js
FN:10,(anonymous_0)
FN:45,(anonymous_1)
FN:89,(anonymous_2)
FN:136,(anonymous_3)
FN:183,(anonymous_4)
FN:229,(anonymous_5)
FN:258,(anonymous_6)
FN:308,(anonymous_7)
FN:397,convertToCSV
FN:404,(anonymous_9)
FNF:10
FNH:0
FNDA:0,(anonymous_0)
FNDA:0,(anonymous_1)
FNDA:0,(anonymous_2)
FNDA:0,(anonymous_3)
FNDA:0,(anonymous_4)
FNDA:0,(anonymous_5)
FNDA:0,(anonymous_6)
FNDA:0,(anonymous_7)
FNDA:0,convertToCSV
FNDA:0,(anonymous_9)
DA:1,2
DA:2,2
DA:3,2
DA:4,2
DA:10,2
DA:11,0
DA:12,0
DA:13,0
DA:15,0
DA:17,0
DA:30,0
DA:31,0
DA:45,2
DA:46,0
DA:47,0
DA:48,0
DA:49,0
DA:52,0
DA:53,0
DA:60,0
DA:62,0
DA:74,0
DA:75,0
DA:89,2
DA:90,0
DA:91,0
DA:92,0
DA:93,0
DA:96,0
DA:97,0
DA:104,0
DA:106,0
DA:121,0
DA:122,0
DA:136,2
DA:137,0
DA:138,0
DA:139,0
DA:140,0
DA:143,0
DA:144,0
DA:151,0
DA:153,0
DA:168,0
DA:169,0
DA:183,2
DA:184,0
DA:185,0
DA:186,0
DA:187,0
DA:190,0
DA:191,0
DA:198,0
DA:200,0
DA:215,0
DA:216,0
DA:229,2
DA:230,0
DA:231,0
DA:232,0
DA:234,0
DA:236,0
DA:244,0
DA:245,0
DA:258,2
DA:259,0
DA:260,0
DA:261,0
DA:264,0
DA:265,0
DA:268,0
DA:285,0
DA:293,0
DA:294,0
DA:308,2
DA:309,0
DA:310,0
DA:311,0
DA:312,0
DA:313,0
DA:315,0
DA:316,0
DA:323,0
DA:324,0
DA:334,0
DA:336,0
DA:337,0
DA:338,0
DA:340,0
DA:341,0
DA:342,0
DA:344,0
DA:345,0
DA:346,0
DA:348,0
DA:349,0
DA:350,0
DA:353,0
DA:354,0
DA:355,0
DA:356,0
DA:363,0
DA:365,0
DA:366,0
DA:367,0
DA:368,0
DA:369,0
DA:372,0
DA:373,0
DA:374,0
DA:384,0
DA:385,0
DA:398,0
DA:400,0
DA:401,0
DA:403,0
DA:404,0
DA:405,0
DA:407,0
DA:408,0
DA:410,0
DA:412,0
DA:415,0
DA:418,2
LF:124
LH:13
BRDA:12,0,0,0
BRDA:12,0,1,0
BRDA:13,1,0,0
BRDA:13,1,1,0
BRDA:13,1,2,0
BRDA:25,2,0,0
BRDA:25,2,1,0
BRDA:34,3,0,0
BRDA:34,3,1,0
BRDA:47,4,0,0
BRDA:47,4,1,0
BRDA:48,5,0,0
BRDA:48,5,1,0
BRDA:48,5,2,0
BRDA:49,6,0,0
BRDA:49,6,1,0
BRDA:52,7,0,0
BRDA:52,7,1,0
BRDA:52,8,0,0
BRDA:52,8,1,0
BRDA:78,9,0,0
BRDA:78,9,1,0
BRDA:91,10,0,0
BRDA:91,10,1,0
BRDA:92,11,0,0
BRDA:92,11,1,0
BRDA:92,11,2,0
BRDA:93,12,0,0
BRDA:93,12,1,0
BRDA:96,13,0,0
BRDA:96,13,1,0
BRDA:96,14,0,0
BRDA:96,14,1,0
BRDA:125,15,0,0
BRDA:125,15,1,0
BRDA:138,16,0,0
BRDA:138,16,1,0
BRDA:139,17,0,0
BRDA:139,17,1,0
BRDA:139,17,2,0
BRDA:140,18,0,0
BRDA:140,18,1,0
BRDA:143,19,0,0
BRDA:143,19,1,0
BRDA:143,20,0,0
BRDA:143,20,1,0
BRDA:172,21,0,0
BRDA:172,21,1,0
BRDA:185,22,0,0
BRDA:185,22,1,0
BRDA:186,23,0,0
BRDA:186,23,1,0
BRDA:186,23,2,0
BRDA:187,24,0,0
BRDA:187,24,1,0
BRDA:190,25,0,0
BRDA:190,25,1,0
BRDA:190,26,0,0
BRDA:190,26,1,0
BRDA:219,27,0,0
BRDA:219,27,1,0
BRDA:231,28,0,0
BRDA:231,28,1,0
BRDA:232,29,0,0
BRDA:232,29,1,0
BRDA:232,29,2,0
BRDA:248,30,0,0
BRDA:248,30,1,0
BRDA:260,31,0,0
BRDA:260,31,1,0
BRDA:261,32,0,0
BRDA:261,32,1,0
BRDA:261,32,2,0
BRDA:297,33,0,0
BRDA:297,33,1,0
BRDA:310,34,0,0
BRDA:310,34,1,0
BRDA:311,35,0,0
BRDA:311,35,1,0
BRDA:311,35,2,0
BRDA:312,36,0,0
BRDA:312,36,1,0
BRDA:313,37,0,0
BRDA:313,37,1,0
BRDA:315,38,0,0
BRDA:315,38,1,0
BRDA:323,39,0,0
BRDA:323,39,1,0
BRDA:334,40,0,0
BRDA:334,40,1,0
BRDA:334,40,2,0
BRDA:334,40,3,0
BRDA:353,41,0,0
BRDA:353,41,1,0
BRDA:363,42,0,0
BRDA:363,42,1,0
BRDA:365,43,0,0
BRDA:365,43,1,0
BRDA:388,44,0,0
BRDA:388,44,1,0
BRDA:398,45,0,0
BRDA:398,45,1,0
BRDA:398,46,0,0
BRDA:398,46,1,0
BRDA:407,47,0,0
BRDA:407,47,1,0
BRDA:407,48,0,0
BRDA:407,48,1,0
BRDA:407,48,2,0
BRF:109
BRH:0
end_of_record
TN:
SF:routes\examplePermissionRoutes.js
FN:20,(anonymous_0)
FN:35,(anonymous_1)
FN:52,(anonymous_2)
FN:69,(anonymous_3)
FN:91,(anonymous_4)
FN:104,(anonymous_5)
FN:119,(anonymous_6)
FN:155,(anonymous_7)
FN:170,(anonymous_8)
FN:188,(anonymous_9)
FN:225,(anonymous_10)
FN:240,(anonymous_11)
FN:279,(anonymous_12)
FN:288,(anonymous_13)
FN:289,(anonymous_14)
FN:316,(anonymous_15)
FN:317,(anonymous_16)
FNF:17
FNH:0
FNDA:0,(anonymous_0)
FNDA:0,(anonymous_1)
FNDA:0,(anonymous_2)
FNDA:0,(anonymous_3)
FNDA:0,(anonymous_4)
FNDA:0,(anonymous_5)
FNDA:0,(anonymous_6)
FNDA:0,(anonymous_7)
FNDA:0,(anonymous_8)
FNDA:0,(anonymous_9)
FNDA:0,(anonymous_10)
FNDA:0,(anonymous_11)
FNDA:0,(anonymous_12)
FNDA:0,(anonymous_13)
FNDA:0,(anonymous_14)
FNDA:0,(anonymous_15)
FNDA:0,(anonymous_16)
DA:1,0
DA:2,0
DA:3,0
DA:4,0
DA:5,0
DA:8,0
DA:10,0
DA:20,0
DA:21,0
DA:35,0
DA:36,0
DA:52,0
DA:53,0
DA:69,0
DA:70,0
DA:91,0
DA:92,0
DA:104,0
DA:105,0
DA:119,0
DA:121,0
DA:122,0
DA:123,0
DA:127,0
DA:128,0
DA:140,0
DA:155,0
DA:156,0
DA:170,0
DA:171,0
DA:188,0
DA:189,0
DA:190,0
DA:192,0
DA:209,0
DA:210,0
DA:225,0
DA:227,0
DA:240,0
DA:241,0
DA:243,0
DA:244,0
DA:245,0
DA:253,0
DA:254,0
DA:255,0
DA:264,0
DA:279,0
DA:280,0
DA:281,0
DA:282,0
DA:284,0
DA:285,0
DA:286,0
DA:287,0
DA:288,0
DA:289,0
DA:292,0
DA:293,0
DA:298,0
DA:305,0
DA:316,0
DA:317,0
DA:323,0
DA:324,0
DA:325,0
DA:326,0
DA:327,0
DA:328,0
DA:329,0
DA:330,0
DA:332,0
LF:72
LH:0
BRDA:42,0,0,0
BRDA:42,0,1,0
BRDA:59,1,0,0
BRDA:59,1,1,0
BRDA:60,2,0,0
BRDA:60,2,1,0
BRDA:108,3,0,0
BRDA:108,3,1,0
BRDA:122,4,0,0
BRDA:122,4,1,0
BRDA:127,5,0,0
BRDA:127,5,1,0
BRDA:244,6,0,0
BRDA:244,6,1,0
BRDA:254,7,0,0
BRDA:254,7,1,0
BRDA:295,8,0,0
BRDA:295,8,1,0
BRF:18
BRH:0
end_of_record
TN:
SF:routes\facebookAccountRoutes.js
FN:34,(anonymous_0)
FN:60,(anonymous_1)
FNF:2
FNH:0
FNDA:0,(anonymous_0)
FNDA:0,(anonymous_1)
DA:1,2
DA:2,2
DA:3,2
DA:4,2
DA:5,2
DA:6,2
DA:8,2
DA:11,2
DA:21,2
DA:22,2
DA:25,2
DA:34,0
DA:50,2
DA:60,0
DA:76,2
DA:102,2
DA:113,2
DA:123,2
DA:133,2
DA:143,2
DA:156,2
DA:169,2
DA:179,2
DA:184,2
LF:24
LH:22
BRF:0
BRH:0
end_of_record
TN:
SF:routes\facebookPageRoutes.js
FNF:0
FNH:0
DA:1,2
DA:2,2
DA:3,2
DA:4,2
DA:5,2
DA:7,2
DA:10,2
DA:20,2
DA:21,2
DA:24,2
DA:45,2
DA:68,2
DA:98,2
DA:109,2
DA:119,2
DA:129,2
DA:139,2
DA:149,2
DA:159,2
DA:170,2
DA:181,2
DA:191,2
DA:196,2
LF:23
LH:23
BRF:0
BRH:0
end_of_record
TN:
SF:routes\modulesRoutes.js
FN:12,(anonymous_0)
FN:28,(anonymous_1)
FN:30,(anonymous_2)
FN:36,(anonymous_3)
FN:74,(anonymous_4)
FN:87,(anonymous_5)
FNF:6
FNH:1
FNDA:0,(anonymous_0)
FNDA:4,(anonymous_1)
FNDA:0,(anonymous_2)
FNDA:0,(anonymous_3)
FNDA:0,(anonymous_4)
FNDA:0,(anonymous_5)
DA:1,2
DA:2,2
DA:4,2
DA:5,2
DA:6,2
DA:12,2
DA:13,0
DA:14,0
DA:15,0
DA:16,0
DA:18,0
DA:21,2
DA:24,2
DA:25,2
DA:28,2
DA:29,4
DA:30,4
DA:31,0
DA:32,0
DA:34,4
DA:35,4
DA:36,4
DA:38,0
DA:39,0
DA:40,0
DA:41,0
DA:42,0
DA:43,0
DA:44,0
DA:45,0
DA:47,0
DA:51,2
DA:52,2
DA:59,2
DA:62,2
DA:65,2
DA:68,2
DA:74,2
DA:75,0
DA:87,2
DA:88,0
DA:89,0
DA:90,0
DA:98,2
LF:44
LH:24
BRDA:15,0,0,0
BRDA:15,0,1,0
BRDA:15,1,0,0
BRDA:15,1,1,0
BRDA:28,2,0,0
BRDA:28,3,0,0
BRDA:32,4,0,0
BRDA:32,4,1,0
BRDA:38,5,0,0
BRDA:38,5,1,0
BRDA:38,5,2,0
BRDA:41,6,0,0
BRDA:41,6,1,0
BRDA:41,7,0,0
BRDA:41,7,1,0
BRDA:42,8,0,0
BRDA:42,8,1,0
BRDA:94,9,0,0
BRDA:94,9,1,0
BRF:19
BRH:0
end_of_record
TN:
SF:routes\permissionRoutes.js
FNF:0
FNH:0
DA:1,0
DA:2,0
DA:3,0
DA:4,0
DA:7,0
DA:10,0
DA:13,0
DA:16,0
DA:19,0
DA:22,0
DA:25,0
DA:28,0
DA:31,0
DA:34,0
DA:37,0
DA:40,0
DA:43,0
DA:45,0
LF:18
LH:0
BRF:0
BRH:0
end_of_record
TN:
SF:routes\permissionsRoutes.js
FN:10,(anonymous_0)
FN:21,(anonymous_1)
FN:23,(anonymous_2)
FN:29,(anonymous_3)
FN:94,(anonymous_4)
FN:132,(anonymous_5)
FN:180,(anonymous_6)
FN:214,(anonymous_7)
FNF:8
FNH:1
FNDA:0,(anonymous_0)
FNDA:4,(anonymous_1)
FNDA:0,(anonymous_2)
FNDA:0,(anonymous_3)
FNDA:0,(anonymous_4)
FNDA:0,(anonymous_5)
FNDA:0,(anonymous_6)
FNDA:0,(anonymous_7)
DA:1,2
DA:2,2
DA:4,2
DA:5,2
DA:6,2
DA:7,2
DA:10,2
DA:11,0
DA:12,0
DA:13,0
DA:14,0
DA:16,0
DA:18,2
DA:21,2
DA:22,4
DA:23,4
DA:24,0
DA:25,0
DA:27,4
DA:28,4
DA:29,4
DA:31,0
DA:32,0
DA:33,0
DA:34,0
DA:35,0
DA:36,0
DA:37,0
DA:38,0
DA:40,0
DA:44,2
DA:45,2
DA:48,2
DA:49,2
DA:50,2
DA:51,2
DA:58,2
DA:59,2
DA:60,2
DA:65,2
DA:66,2
DA:67,2
DA:73,2
DA:76,2
DA:79,2
DA:86,2
DA:87,2
DA:88,2
DA:91,2
DA:94,2
DA:95,0
DA:96,0
DA:97,0
DA:103,0
DA:123,0
DA:124,0
DA:132,2
DA:133,0
DA:134,0
DA:135,0
DA:141,0
DA:143,0
DA:149,0
DA:150,0
DA:158,2
DA:159,2
DA:162,2
DA:163,2
DA:164,2
DA:165,2
DA:166,2
DA:167,2
DA:170,2
DA:171,2
DA:172,2
DA:175,2
DA:180,2
DA:181,0
DA:214,2
DA:215,0
DA:216,0
DA:217,0
DA:225,2
LF:83
LH:50
BRDA:13,0,0,0
BRDA:13,0,1,0
BRDA:13,1,0,0
BRDA:13,1,1,0
BRDA:21,2,0,0
BRDA:21,3,0,0
BRDA:25,4,0,0
BRDA:25,4,1,0
BRDA:31,5,0,0
BRDA:31,5,1,0
BRDA:31,5,2,0
BRDA:34,6,0,0
BRDA:34,6,1,0
BRDA:34,7,0,0
BRDA:34,7,1,0
BRDA:35,8,0,0
BRDA:35,8,1,0
BRDA:96,9,0,0
BRDA:96,9,1,0
BRDA:113,10,0,0
BRDA:113,10,1,0
BRDA:114,11,0,0
BRDA:114,11,1,0
BRDA:116,12,0,0
BRDA:116,12,1,0
BRDA:117,13,0,0
BRDA:117,13,1,0
BRDA:134,14,0,0
BRDA:134,14,1,0
BRDA:141,15,0,0
BRDA:141,15,1,0
BRDA:221,16,0,0
BRDA:221,16,1,0
BRF:33
BRH:0
end_of_record
TN:
SF:routes\reportRoutes.js
FNF:0
FNH:0
DA:1,2
DA:2,2
DA:3,2
DA:4,2
DA:7,2
DA:18,2
DA:25,2
DA:36,2
DA:43,2
DA:49,2
DA:56,2
DA:62,2
DA:69,2
DA:79,2
DA:86,2
DA:93,2
DA:95,2
LF:17
LH:17
BRF:0
BRH:0
end_of_record
TN:
SF:routes\roleRoutes.js
FN:15,(anonymous_0)
FN:21,(anonymous_1)
FN:27,(anonymous_2)
FN:33,(anonymous_3)
FN:39,(anonymous_4)
FN:45,(anonymous_5)
FNF:6
FNH:0
FNDA:0,(anonymous_0)
FNDA:0,(anonymous_1)
FNDA:0,(anonymous_2)
FNDA:0,(anonymous_3)
FNDA:0,(anonymous_4)
FNDA:0,(anonymous_5)
DA:1,2
DA:2,2
DA:3,2
DA:4,2
DA:5,2
DA:8,2
DA:10,2
DA:15,2
DA:16,0
DA:17,0
DA:21,2
DA:22,0
DA:23,0
DA:27,2
DA:28,0
DA:29,0
DA:33,2
DA:34,0
DA:35,0
DA:39,2
DA:40,0
DA:41,0
DA:45,2
DA:46,0
DA:47,0
DA:50,2
DA:52,2
LF:27
LH:15
BRF:0
BRH:0
end_of_record
TN:
SF:routes\securedUserRoutes.js
FN:28,(anonymous_0)
FN:40,(anonymous_1)
FN:40,(anonymous_2)
FN:46,(anonymous_3)
FN:46,(anonymous_4)
FN:49,(anonymous_5)
FN:49,(anonymous_6)
FN:52,(anonymous_7)
FN:144,(anonymous_8)
FN:168,(anonymous_9)
FN:229,(anonymous_10)
FN:253,(anonymous_11)
FN:274,(anonymous_12)
FN:296,(anonymous_13)
FNF:14
FNH:3
FNDA:0,(anonymous_0)
FNDA:20,(anonymous_1)
FNDA:0,(anonymous_2)
FNDA:2,(anonymous_3)
FNDA:0,(anonymous_4)
FNDA:6,(anonymous_5)
FNDA:0,(anonymous_6)
FNDA:0,(anonymous_7)
FNDA:0,(anonymous_8)
FNDA:0,(anonymous_9)
FNDA:0,(anonymous_10)
FNDA:0,(anonymous_11)
FNDA:0,(anonymous_12)
FNDA:0,(anonymous_13)
DA:1,2
DA:2,2
DA:16,2
DA:25,2
DA:28,2
DA:29,0
DA:30,0
DA:31,0
DA:36,0
DA:40,20
DA:41,0
DA:42,0
DA:46,2
DA:49,6
DA:52,2
DA:53,0
DA:54,0
DA:55,0
DA:61,0
DA:62,0
DA:66,2
DA:67,2
DA:78,2
DA:86,2
DA:93,2
DA:105,2
DA:117,2
DA:129,2
DA:141,2
DA:146,0
DA:147,0
DA:149,0
DA:164,2
DA:170,0
DA:172,0
DA:174,0
DA:176,0
DA:180,0
DA:181,0
DA:187,0
DA:198,2
DA:212,2
DA:226,2
DA:231,0
DA:232,0
DA:235,0
DA:250,2
DA:255,0
DA:256,0
DA:259,0
DA:274,2
DA:275,0
DA:296,2
DA:297,0
DA:298,0
DA:306,0
DA:307,0
DA:314,0
DA:315,0
DA:321,0
DA:332,2
LF:61
LH:26
BRDA:30,0,0,0
BRDA:30,0,1,0
BRDA:30,1,0,0
BRDA:30,1,1,0
BRDA:41,2,0,0
BRDA:41,2,1,0
BRDA:54,3,0,0
BRDA:54,3,1,0
BRDA:54,4,0,0
BRDA:54,4,1,0
BRDA:146,5,0,0
BRDA:146,5,1,0
BRDA:146,6,0,0
BRDA:146,6,1,0
BRDA:170,7,0,0
BRDA:170,7,1,0
BRDA:172,8,0,0
BRDA:172,8,1,0
BRDA:172,9,0,0
BRDA:172,9,1,0
BRDA:180,10,0,0
BRDA:180,10,1,0
BRDA:231,11,0,0
BRDA:231,11,1,0
BRDA:231,12,0,0
BRDA:231,12,1,0
BRDA:255,13,0,0
BRDA:255,13,1,0
BRDA:255,14,0,0
BRDA:255,14,1,0
BRDA:301,15,0,0
BRDA:301,15,1,0
BRDA:306,16,0,0
BRDA:306,16,1,0
BRDA:306,17,0,0
BRDA:306,17,1,0
BRDA:310,18,0,0
BRDA:310,18,1,0
BRDA:314,19,0,0
BRDA:314,19,1,0
BRDA:325,20,0,0
BRDA:325,20,1,0
BRF:42
BRH:0
end_of_record
TN:
SF:routes\testRoutes.js
FN:7,(anonymous_0)
FNF:1
FNH:0
FNDA:0,(anonymous_0)
DA:2,2
DA:3,2
DA:4,2
DA:7,2
DA:8,0
DA:9,0
DA:10,0
DA:12,0
DA:13,0
DA:14,0
DA:20,0
DA:21,0
DA:22,0
DA:23,0
DA:27,0
DA:33,0
DA:41,2
LF:17
LH:5
BRDA:21,0,0,0
BRDA:21,0,1,0
BRF:2
BRH:0
end_of_record
TN:
SF:routes\twoFactorAuthRoutes.js
FN:18,(anonymous_0)
FN:28,(anonymous_1)
FN:38,(anonymous_2)
FN:42,(anonymous_3)
FN:51,(anonymous_4)
FN:83,(anonymous_5)
FN:207,(anonymous_6)
FN:247,(anonymous_7)
FN:265,(anonymous_8)
FNF:9
FNH:1
FNDA:0,(anonymous_0)
FNDA:0,(anonymous_1)
FNDA:16,(anonymous_2)
FNDA:0,(anonymous_3)
FNDA:0,(anonymous_4)
FNDA:0,(anonymous_5)
FNDA:0,(anonymous_6)
FNDA:0,(anonymous_7)
FNDA:0,(anonymous_8)
DA:1,2
DA:2,2
DA:12,2
DA:18,2
DA:19,0
DA:20,0
DA:22,0
DA:24,0
DA:25,0
DA:27,0
DA:28,0
DA:29,0
DA:31,0
DA:34,0
DA:38,2
DA:39,16
DA:42,16
DA:43,0
DA:44,0
DA:45,0
DA:46,0
DA:51,16
DA:52,0
DA:53,0
DA:55,0
DA:56,0
DA:57,0
DA:60,0
DA:62,0
DA:63,0
DA:64,0
DA:65,0
DA:68,0
DA:69,0
DA:77,0
DA:78,0
DA:83,2
DA:84,0
DA:85,0
DA:86,0
DA:92,0
DA:93,0
DA:97,2
DA:109,2
DA:126,2
DA:137,2
DA:148,2
DA:160,2
DA:171,2
DA:182,2
DA:193,2
DA:207,2
DA:208,0
DA:247,2
DA:248,0
DA:265,2
DA:266,0
DA:267,0
DA:276,0
DA:277,0
DA:285,0
DA:286,0
DA:294,0
DA:295,0
DA:302,0
DA:313,2
LF:66
LH:22
BRDA:20,0,0,0
BRDA:20,0,1,0
BRDA:20,0,2,0
BRDA:24,1,0,0
BRDA:24,1,1,0
BRDA:24,2,0,0
BRDA:24,2,1,0
BRDA:29,3,0,0
BRDA:29,3,1,0
BRDA:38,4,0,0
BRDA:38,5,0,0
BRDA:38,6,0,0
BRDA:45,7,0,0
BRDA:45,7,1,0
BRDA:52,8,0,0
BRDA:52,8,1,0
BRDA:52,8,2,0
BRDA:55,9,0,0
BRDA:55,9,1,0
BRDA:62,10,0,0
BRDA:62,10,1,0
BRDA:68,11,0,0
BRDA:68,11,1,0
BRDA:85,12,0,0
BRDA:85,12,1,0
BRDA:85,13,0,0
BRDA:85,13,1,0
BRDA:85,13,2,0
BRDA:276,14,0,0
BRDA:276,14,1,0
BRDA:280,15,0,0
BRDA:280,15,1,0
BRDA:285,16,0,0
BRDA:285,16,1,0
BRDA:294,17,0,0
BRDA:294,17,1,0
BRDA:306,18,0,0
BRDA:306,18,1,0
BRF:38
BRH:0
end_of_record
TN:
SF:routes\userAccessRoutes.js
FN:10,(anonymous_0)
FN:52,(anonymous_1)
FN:87,(anonymous_2)
FNF:3
FNH:0
FNDA:0,(anonymous_0)
FNDA:0,(anonymous_1)
FNDA:0,(anonymous_2)
DA:1,2
DA:2,2
DA:3,2
DA:4,2
DA:7,2
DA:10,2
DA:11,0
DA:12,0
DA:13,0
DA:19,0
DA:20,0
DA:21,0
DA:23,0
DA:24,0
DA:27,0
DA:28,0
DA:31,0
DA:48,0
DA:49,0
DA:52,0
DA:53,0
DA:54,0
DA:58,0
DA:59,0
DA:61,0
DA:87,0
DA:92,0
DA:93,0
DA:101,2
LF:29
LH:7
BRDA:12,0,0,0
BRDA:12,0,1,0
BRDA:12,1,0,0
BRDA:12,1,1,0
BRDA:12,1,2,0
BRDA:12,1,3,0
BRDA:53,2,0,0
BRDA:53,2,1,0
BRDA:78,3,0,0
BRDA:78,3,1,0
BRF:10
BRH:0
end_of_record
TN:
SF:routes\userManagementRoutes.js
FNF:0
FNH:0
DA:1,0
DA:2,0
DA:3,0
DA:4,0
DA:7,0
DA:11,0
DA:14,0
DA:17,0
DA:20,0
DA:23,0
DA:26,0
DA:29,0
DA:32,0
DA:34,0
LF:14
LH:0
BRF:0
BRH:0
end_of_record
TN:
SF:routes\userManagementRoutes_privacy.js
FN:16,(anonymous_0)
FNF:1
FNH:0
FNDA:0,(anonymous_0)
DA:1,2
DA:2,2
DA:3,2
DA:4,2
DA:7,2
DA:10,2
DA:16,2
DA:17,0
DA:18,0
DA:19,0
DA:21,0
DA:38,0
DA:39,0
DA:46,0
DA:48,0
DA:71,0
DA:72,0
DA:82,2
DA:91,2
DA:100,2
DA:106,2
DA:115,2
DA:121,2
DA:127,2
DA:136,2
DA:141,2
LF:26
LH:16
BRDA:19,0,0,0
BRDA:19,0,1,0
BRDA:38,1,0,0
BRDA:38,1,1,0
BRDA:75,2,0,0
BRDA:75,2,1,0
BRF:6
BRH:0
end_of_record
TN:
SF:routes\userRoutes.js
FN:18,(anonymous_0)
FN:34,(anonymous_1)
FN:48,(anonymous_2)
FN:64,(anonymous_3)
FN:76,(anonymous_4)
FN:80,(anonymous_5)
FN:82,(anonymous_6)
FN:84,(anonymous_7)
FN:97,(anonymous_8)
FN:103,(anonymous_9)
FN:136,(anonymous_10)
FN:143,(anonymous_11)
FN:301,(anonymous_12)
FN:323,(anonymous_13)
FNF:14
FNH:0
FNDA:0,(anonymous_0)
FNDA:0,(anonymous_1)
FNDA:0,(anonymous_2)
FNDA:0,(anonymous_3)
FNDA:0,(anonymous_4)
FNDA:0,(anonymous_5)
FNDA:0,(anonymous_6)
FNDA:0,(anonymous_7)
FNDA:0,(anonymous_8)
FNDA:0,(anonymous_9)
FNDA:0,(anonymous_10)
FNDA:0,(anonymous_11)
FNDA:0,(anonymous_12)
FNDA:0,(anonymous_13)
DA:1,0
DA:2,0
DA:15,0
DA:18,0
DA:20,0
DA:22,0
DA:23,0
DA:24,0
DA:25,0
DA:26,0
DA:27,0
DA:30,0
DA:34,0
DA:35,0
DA:36,0
DA:37,0
DA:43,0
DA:44,0
DA:48,0
DA:49,0
DA:50,0
DA:51,0
DA:52,0
DA:53,0
DA:54,0
DA:64,0
DA:65,0
DA:67,0
DA:69,0
DA:70,0
DA:72,0
DA:76,0
DA:77,0
DA:78,0
DA:80,0
DA:82,0
DA:83,0
DA:84,0
DA:85,0
DA:86,0
DA:87,0
DA:88,0
DA:89,0
DA:94,0
DA:97,0
DA:98,0
DA:99,0
DA:100,0
DA:101,0
DA:103,0
DA:104,0
DA:105,0
DA:107,0
DA:108,0
DA:109,0
DA:110,0
DA:113,0
DA:114,0
DA:115,0
DA:116,0
DA:119,0
DA:120,0
DA:128,0
DA:129,0
DA:133,0
DA:136,0
DA:140,0
DA:143,0
DA:144,0
DA:145,0
DA:146,0
DA:152,0
DA:156,0
DA:157,0
DA:169,0
DA:180,0
DA:191,0
DA:202,0
DA:218,0
DA:229,0
DA:241,0
DA:253,0
DA:265,0
DA:277,0
DA:289,0
DA:301,0
DA:302,0
DA:323,0
DA:324,0
DA:325,0
DA:326,0
DA:334,0
DA:335,0
DA:342,0
DA:343,0
DA:349,0
DA:360,0
LF:97
LH:0
BRDA:20,0,0,0
BRDA:20,0,1,0
BRDA:23,1,0,0
BRDA:23,1,1,0
BRDA:23,2,0,0
BRDA:23,2,1,0
BRDA:25,3,0,0
BRDA:25,3,1,0
BRDA:26,4,0,0
BRDA:26,4,1,0
BRDA:26,5,0,0
BRDA:26,5,1,0
BRDA:30,6,0,0
BRDA:30,6,1,0
BRDA:36,7,0,0
BRDA:36,7,1,0
BRDA:36,8,0,0
BRDA:36,8,1,0
BRDA:52,9,0,0
BRDA:52,9,1,0
BRDA:52,10,0,0
BRDA:52,10,1,0
BRDA:65,11,0,0
BRDA:65,11,1,0
BRDA:69,12,0,0
BRDA:69,12,1,0
BRDA:69,13,0,0
BRDA:69,13,1,0
BRDA:83,14,0,0
BRDA:83,14,1,0
BRDA:88,15,0,0
BRDA:88,15,1,0
BRDA:100,16,0,0
BRDA:100,16,1,0
BRDA:108,17,0,0
BRDA:108,17,1,0
BRDA:113,18,0,0
BRDA:113,18,1,0
BRDA:119,19,0,0
BRDA:119,19,1,0
BRDA:137,20,0,0
BRDA:138,21,0,0
BRDA:139,22,0,0
BRDA:145,23,0,0
BRDA:145,23,1,0
BRDA:145,24,0,0
BRDA:145,24,1,0
BRDA:334,25,0,0
BRDA:334,25,1,0
BRDA:334,26,0,0
BRDA:334,26,1,0
BRDA:338,27,0,0
BRDA:338,27,1,0
BRDA:342,28,0,0
BRDA:342,28,1,0
BRDA:353,29,0,0
BRDA:353,29,1,0
BRF:57
BRH:0
end_of_record
TN:
SF:routes\userRoutesNew.js
FN:6,(anonymous_0)
FN:15,(anonymous_1)
FN:27,(anonymous_2)
FN:36,(anonymous_3)
FN:141,(anonymous_4)
FN:161,(anonymous_5)
FNF:6
FNH:0
FNDA:0,(anonymous_0)
FNDA:0,(anonymous_1)
FNDA:0,(anonymous_2)
FNDA:0,(anonymous_3)
FNDA:0,(anonymous_4)
FNDA:0,(anonymous_5)
DA:1,0
DA:2,0
DA:3,0
DA:6,0
DA:15,0
DA:16,0
DA:17,0
DA:18,0
DA:22,0
DA:23,0
DA:27,0
DA:28,0
DA:29,0
DA:31,0
DA:32,0
DA:35,0
DA:36,0
DA:37,0
DA:38,0
DA:42,0
DA:45,0
DA:49,0
DA:60,0
DA:67,0
DA:74,0
DA:86,0
DA:94,0
DA:101,0
DA:109,0
DA:116,0
DA:127,0
DA:134,0
DA:141,0
DA:142,0
DA:161,0
DA:162,0
DA:163,0
DA:170,0
DA:171,0
DA:176,0
DA:177,0
DA:182,0
DA:187,0
LF:43
LH:0
BRDA:6,0,0,0
BRDA:6,1,0,0
BRDA:10,2,0,0
BRDA:10,2,1,0
BRDA:11,3,0,0
BRDA:11,3,1,0
BRDA:17,4,0,0
BRDA:17,4,1,0
BRDA:17,5,0,0
BRDA:17,5,1,0
BRDA:31,6,0,0
BRDA:31,6,1,0
BRDA:31,7,0,0
BRDA:31,7,1,0
BRDA:37,8,0,0
BRDA:37,8,1,0
BRDA:170,9,0,0
BRDA:170,9,1,0
BRDA:176,10,0,0
BRDA:176,10,1,0
BRF:20
BRH:0
end_of_record
